+ cat /var/spool/slurmd/job7700447/slurm_script
#!/bin/bash -l
#SBATCH -A uppmax2023-2-8
#SBATCH -M snowy
#SBATCH -p core
#SBATCH -n 2
#SBATCH -t 02:00:00
#SBATCH -J RNA_trimming
#SBATCH --mail-type=ALL
#SBATCH --mail-user lei.zhao.1300@student.uu.se

set -x
cat $0
echo USER = $USER
echo QOS = $SLURM_JOB_QOS

module load bioinfo-tools trimmomatic

java -jar /sw/apps/bioinfo/trimmomatic/0.39/rackham/trimmomatic-0.39.jar PE \
/home/leizhao/Genome_Analysis/data/raw_data/transcriptome/untrimmed/SRR6040095_scaffold_06.1.fastq.gz \
/home/leizhao/Genome_Analysis/data/raw_data/transcriptome/untrimmed/SRR6040095_scaffold_06.2.fastq.gz \
-baseout /home/leizhao/Genome_Analysis/results/08_Trimmomatic_RNA_trimming/RNA_trimmed.fq.gz \
ILLUMINACLIP:TruSeq3-PE.fa:2:30:10 LEADING:3 TRAILING:3 SLIDINGWINDOW:4:15 MINLEN:36
+ echo USER = leizhao
USER = leizhao
+ echo QOS = normal
QOS = normal
+ module load bioinfo-tools trimmomatic
++ /usr/share/lmod/lmod/libexec/lmod bash load bioinfo-tools trimmomatic
trimmomatic/0.39 loaded, see 'module help trimmomatic/0.39' for more information.
+ eval '__LMOD_REF_COUNT_CLASSPATH=/sw/bioinfo/trimmomatic/0.39/snowy:1;' export '__LMOD_REF_COUNT_CLASSPATH;' 'CLASSPATH=/sw/bioinfo/trimmomatic/0.39/snowy;' export 'CLASSPATH;' '__LMOD_REF_COUNT_LOADEDMODULES=uppmax:2\;bioinfo-tools:1\;trimmomatic/0.39:1;' export '__LMOD_REF_COUNT_LOADEDMODULES;' 'LOADEDMODULES=uppmax:bioinfo-tools:trimmomatic/0.39;' export 'LOADEDMODULES;' '__LMOD_REF_COUNT_MODULEPATH=/sw/mf/snowy/bioinfo-tools/annotation:1\;/sw/mf/snowy/bioinfo-tools/alignment:1\;/sw/mf/snowy/bioinfo-tools/assembly:1\;/sw/mf/snowy/bioinfo-tools/misc:1\;/sw/mf/snowy/bioinfo-tools/phylogeny:1\;/sw/mf/snowy/bioinfo-tools/pipelines:1\;/sw/mf/snowy/bioinfo-tools/sw_collections:1\;/sw/mf/snowy/applications:1\;/sw/mf/snowy/build-tools:1\;/sw/mf/snowy/compilers:1\;/sw/mf/snowy/data:1\;/sw/mf/snowy/environment:1\;/sw/mf/snowy/libraries:1\;/sw/mf/snowy/parallel:1;' export '__LMOD_REF_COUNT_MODULEPATH;' 'MODULEPATH=/sw/mf/snowy/bioinfo-tools/annotation:/sw/mf/snowy/bioinfo-tools/alignment:/sw/mf/snowy/bioinfo-tools/assembly:/sw/mf/snowy/bioinfo-tools/misc:/sw/mf/snowy/bioinfo-tools/phylogeny:/sw/mf/snowy/bioinfo-tools/pipelines:/sw/mf/snowy/bioinfo-tools/sw_collections:/sw/mf/snowy/applications:/sw/mf/snowy/build-tools:/sw/mf/snowy/compilers:/sw/mf/snowy/data:/sw/mf/snowy/environment:/sw/mf/snowy/libraries:/sw/mf/snowy/parallel;' export 'MODULEPATH;' '__LMOD_REF_COUNT_PATH=/sw/bioinfo/trimmomatic/0.39/snowy:1\;/home/leizhao/bin:2\;/usr/lib64/qt-3.3/bin:1\;/usr/local/bin:1\;/usr/bin:1\;/usr/local/sbin:1\;/usr/sbin:1\;/opt/thinlinc/bin:1\;/sw/uppmax/bin:2;' export '__LMOD_REF_COUNT_PATH;' 'PATH=/sw/bioinfo/trimmomatic/0.39/snowy:/home/leizhao/bin:/usr/lib64/qt-3.3/bin:/usr/local/bin:/usr/bin:/usr/local/sbin:/usr/sbin:/opt/thinlinc/bin:/sw/uppmax/bin;' export 'PATH;' 'TRIMMOMATIC_HOME=/sw/bioinfo/trimmomatic/0.39/snowy;' export 'TRIMMOMATIC_HOME;' 'TRIMMOMATIC_ROOT=/sw/bioinfo/trimmomatic/0.39/snowy;' export 'TRIMMOMATIC_ROOT;' '__LMOD_REF_COUNT__LMFILES_=/sw/mf/snowy/environment/bioinfo-tools:1\;/sw/mf/snowy/bioinfo-tools/misc/trimmomatic/0.39:1;' export '__LMOD_REF_COUNT__LMFILES_;' '_LMFILES_=/sw/mf/snowy/environment/bioinfo-tools:/sw/mf/snowy/bioinfo-tools/misc/trimmomatic/0.39;' export '_LMFILES_;' '_ModuleTable001_=X01vZHVsZVRhYmxlXz17WyJNVHZlcnNpb24iXT0zLFsiY19yZWJ1aWxkVGltZSJdPWZhbHNlLFsiY19zaG9ydFRpbWUiXT1mYWxzZSxkZXB0aFQ9e30sZmFtaWx5PXt9LG1UPXtbImJpb2luZm8tdG9vbHMiXT17WyJmbiJdPSIvc3cvbWYvc25vd3kvZW52aXJvbm1lbnQvYmlvaW5mby10b29scyIsWyJmdWxsTmFtZSJdPSJiaW9pbmZvLXRvb2xzIixbImxvYWRPcmRlciJdPTEscHJvcFQ9e30sWyJzdGFja0RlcHRoIl09MCxbInN0YXR1cyJdPSJhY3RpdmUiLFsidXNlck5hbWUiXT0iYmlvaW5mby10b29scyIsfSx0cmltbW9tYXRpYz17WyJmbiJdPSIvc3cvbWYvc25vd3kvYmlvaW5mby10b29scy9taXNjL3RyaW1tb21hdGljLzAuMzkiLFsiZnVsbE5hbWUiXT0idHJpbW1vbWF0;' export '_ModuleTable001_;' '_ModuleTable002_=aWMvMC4zOSIsWyJsb2FkT3JkZXIiXT0yLHByb3BUPXt9LFsic3RhY2tEZXB0aCJdPTAsWyJzdGF0dXMiXT0iYWN0aXZlIixbInVzZXJOYW1lIl09InRyaW1tb21hdGljIix9LH0sbXBhdGhBPXsiL3N3L21mL3Nub3d5L2Jpb2luZm8tdG9vbHMvYW5ub3RhdGlvbiIsIi9zdy9tZi9zbm93eS9iaW9pbmZvLXRvb2xzL2FsaWdubWVudCIsIi9zdy9tZi9zbm93eS9iaW9pbmZvLXRvb2xzL2Fzc2VtYmx5IiwiL3N3L21mL3Nub3d5L2Jpb2luZm8tdG9vbHMvbWlzYyIsIi9zdy9tZi9zbm93eS9iaW9pbmZvLXRvb2xzL3BoeWxvZ2VueSIsIi9zdy9tZi9zbm93eS9iaW9pbmZvLXRvb2xzL3BpcGVsaW5lcyIsIi9zdy9tZi9zbm93eS9iaW9pbmZvLXRvb2xzL3N3X2NvbGxlY3Rpb25zIiwi;' export '_ModuleTable002_;' '_ModuleTable003_=L3N3L21mL3Nub3d5L2FwcGxpY2F0aW9ucyIsIi9zdy9tZi9zbm93eS9idWlsZC10b29scyIsIi9zdy9tZi9zbm93eS9jb21waWxlcnMiLCIvc3cvbWYvc25vd3kvZGF0YSIsIi9zdy9tZi9zbm93eS9lbnZpcm9ubWVudCIsIi9zdy9tZi9zbm93eS9saWJyYXJpZXMiLCIvc3cvbWYvc25vd3kvcGFyYWxsZWwiLH0sWyJzeXN0ZW1CYXNlTVBBVEgiXT0iL3N3L21mL3Nub3d5L2FwcGxpY2F0aW9uczovc3cvbWYvc25vd3kvYnVpbGQtdG9vbHM6L3N3L21mL3Nub3d5L2NvbXBpbGVyczovc3cvbWYvc25vd3kvZGF0YTovc3cvbWYvc25vd3kvZW52aXJvbm1lbnQ6L3N3L21mL3Nub3d5L2xpYnJhcmllczovc3cvbWYvc25vd3kvcGFyYWxsZWwiLH0=;' export '_ModuleTable003_;' '_ModuleTable_Sz_=3;' export '_ModuleTable_Sz_;'
++ __LMOD_REF_COUNT_CLASSPATH=/sw/bioinfo/trimmomatic/0.39/snowy:1
++ export __LMOD_REF_COUNT_CLASSPATH
++ CLASSPATH=/sw/bioinfo/trimmomatic/0.39/snowy
++ export CLASSPATH
++ __LMOD_REF_COUNT_LOADEDMODULES='uppmax:2;bioinfo-tools:1;trimmomatic/0.39:1'
++ export __LMOD_REF_COUNT_LOADEDMODULES
++ LOADEDMODULES=uppmax:bioinfo-tools:trimmomatic/0.39
++ export LOADEDMODULES
++ __LMOD_REF_COUNT_MODULEPATH='/sw/mf/snowy/bioinfo-tools/annotation:1;/sw/mf/snowy/bioinfo-tools/alignment:1;/sw/mf/snowy/bioinfo-tools/assembly:1;/sw/mf/snowy/bioinfo-tools/misc:1;/sw/mf/snowy/bioinfo-tools/phylogeny:1;/sw/mf/snowy/bioinfo-tools/pipelines:1;/sw/mf/snowy/bioinfo-tools/sw_collections:1;/sw/mf/snowy/applications:1;/sw/mf/snowy/build-tools:1;/sw/mf/snowy/compilers:1;/sw/mf/snowy/data:1;/sw/mf/snowy/environment:1;/sw/mf/snowy/libraries:1;/sw/mf/snowy/parallel:1'
++ export __LMOD_REF_COUNT_MODULEPATH
++ MODULEPATH=/sw/mf/snowy/bioinfo-tools/annotation:/sw/mf/snowy/bioinfo-tools/alignment:/sw/mf/snowy/bioinfo-tools/assembly:/sw/mf/snowy/bioinfo-tools/misc:/sw/mf/snowy/bioinfo-tools/phylogeny:/sw/mf/snowy/bioinfo-tools/pipelines:/sw/mf/snowy/bioinfo-tools/sw_collections:/sw/mf/snowy/applications:/sw/mf/snowy/build-tools:/sw/mf/snowy/compilers:/sw/mf/snowy/data:/sw/mf/snowy/environment:/sw/mf/snowy/libraries:/sw/mf/snowy/parallel
++ export MODULEPATH
++ __LMOD_REF_COUNT_PATH='/sw/bioinfo/trimmomatic/0.39/snowy:1;/home/leizhao/bin:2;/usr/lib64/qt-3.3/bin:1;/usr/local/bin:1;/usr/bin:1;/usr/local/sbin:1;/usr/sbin:1;/opt/thinlinc/bin:1;/sw/uppmax/bin:2'
++ export __LMOD_REF_COUNT_PATH
++ PATH=/sw/bioinfo/trimmomatic/0.39/snowy:/home/leizhao/bin:/usr/lib64/qt-3.3/bin:/usr/local/bin:/usr/bin:/usr/local/sbin:/usr/sbin:/opt/thinlinc/bin:/sw/uppmax/bin
++ export PATH
++ TRIMMOMATIC_HOME=/sw/bioinfo/trimmomatic/0.39/snowy
++ export TRIMMOMATIC_HOME
++ TRIMMOMATIC_ROOT=/sw/bioinfo/trimmomatic/0.39/snowy
++ export TRIMMOMATIC_ROOT
++ __LMOD_REF_COUNT__LMFILES_='/sw/mf/snowy/environment/bioinfo-tools:1;/sw/mf/snowy/bioinfo-tools/misc/trimmomatic/0.39:1'
++ export __LMOD_REF_COUNT__LMFILES_
++ _LMFILES_=/sw/mf/snowy/environment/bioinfo-tools:/sw/mf/snowy/bioinfo-tools/misc/trimmomatic/0.39
++ export _LMFILES_
++ _ModuleTable001_=X01vZHVsZVRhYmxlXz17WyJNVHZlcnNpb24iXT0zLFsiY19yZWJ1aWxkVGltZSJdPWZhbHNlLFsiY19zaG9ydFRpbWUiXT1mYWxzZSxkZXB0aFQ9e30sZmFtaWx5PXt9LG1UPXtbImJpb2luZm8tdG9vbHMiXT17WyJmbiJdPSIvc3cvbWYvc25vd3kvZW52aXJvbm1lbnQvYmlvaW5mby10b29scyIsWyJmdWxsTmFtZSJdPSJiaW9pbmZvLXRvb2xzIixbImxvYWRPcmRlciJdPTEscHJvcFQ9e30sWyJzdGFja0RlcHRoIl09MCxbInN0YXR1cyJdPSJhY3RpdmUiLFsidXNlck5hbWUiXT0iYmlvaW5mby10b29scyIsfSx0cmltbW9tYXRpYz17WyJmbiJdPSIvc3cvbWYvc25vd3kvYmlvaW5mby10b29scy9taXNjL3RyaW1tb21hdGljLzAuMzkiLFsiZnVsbE5hbWUiXT0idHJpbW1vbWF0
++ export _ModuleTable001_
++ _ModuleTable002_=aWMvMC4zOSIsWyJsb2FkT3JkZXIiXT0yLHByb3BUPXt9LFsic3RhY2tEZXB0aCJdPTAsWyJzdGF0dXMiXT0iYWN0aXZlIixbInVzZXJOYW1lIl09InRyaW1tb21hdGljIix9LH0sbXBhdGhBPXsiL3N3L21mL3Nub3d5L2Jpb2luZm8tdG9vbHMvYW5ub3RhdGlvbiIsIi9zdy9tZi9zbm93eS9iaW9pbmZvLXRvb2xzL2FsaWdubWVudCIsIi9zdy9tZi9zbm93eS9iaW9pbmZvLXRvb2xzL2Fzc2VtYmx5IiwiL3N3L21mL3Nub3d5L2Jpb2luZm8tdG9vbHMvbWlzYyIsIi9zdy9tZi9zbm93eS9iaW9pbmZvLXRvb2xzL3BoeWxvZ2VueSIsIi9zdy9tZi9zbm93eS9iaW9pbmZvLXRvb2xzL3BpcGVsaW5lcyIsIi9zdy9tZi9zbm93eS9iaW9pbmZvLXRvb2xzL3N3X2NvbGxlY3Rpb25zIiwi
++ export _ModuleTable002_
++ _ModuleTable003_=L3N3L21mL3Nub3d5L2FwcGxpY2F0aW9ucyIsIi9zdy9tZi9zbm93eS9idWlsZC10b29scyIsIi9zdy9tZi9zbm93eS9jb21waWxlcnMiLCIvc3cvbWYvc25vd3kvZGF0YSIsIi9zdy9tZi9zbm93eS9lbnZpcm9ubWVudCIsIi9zdy9tZi9zbm93eS9saWJyYXJpZXMiLCIvc3cvbWYvc25vd3kvcGFyYWxsZWwiLH0sWyJzeXN0ZW1CYXNlTVBBVEgiXT0iL3N3L21mL3Nub3d5L2FwcGxpY2F0aW9uczovc3cvbWYvc25vd3kvYnVpbGQtdG9vbHM6L3N3L21mL3Nub3d5L2NvbXBpbGVyczovc3cvbWYvc25vd3kvZGF0YTovc3cvbWYvc25vd3kvZW52aXJvbm1lbnQ6L3N3L21mL3Nub3d5L2xpYnJhcmllczovc3cvbWYvc25vd3kvcGFyYWxsZWwiLH0=
++ export _ModuleTable003_
++ _ModuleTable_Sz_=3
++ export _ModuleTable_Sz_
++ : -s sh
+ eval
+ java -jar /sw/apps/bioinfo/trimmomatic/0.39/rackham/trimmomatic-0.39.jar PE /home/leizhao/Genome_Analysis/data/raw_data/transcriptome/untrimmed/SRR6040095_scaffold_06.1.fastq.gz /home/leizhao/Genome_Analysis/data/raw_data/transcriptome/untrimmed/SRR6040095_scaffold_06.2.fastq.gz -baseout /home/leizhao/Genome_Analysis/results/08_Trimmomatic_RNA_trimming/RNA_trimmed.fq.gz ILLUMINACLIP:TruSeq3-PE.fa:2:30:10 LEADING:3 TRAILING:3 SLIDINGWINDOW:4:15 MINLEN:36
TrimmomaticPE: Started with arguments:
 /home/leizhao/Genome_Analysis/data/raw_data/transcriptome/untrimmed/SRR6040095_scaffold_06.1.fastq.gz /home/leizhao/Genome_Analysis/data/raw_data/transcriptome/untrimmed/SRR6040095_scaffold_06.2.fastq.gz -baseout /home/leizhao/Genome_Analysis/results/08_Trimmomatic_RNA_trimming/RNA_trimmed.fq.gz ILLUMINACLIP:TruSeq3-PE.fa:2:30:10 LEADING:3 TRAILING:3 SLIDINGWINDOW:4:15 MINLEN:36
Multiple cores found: Using 2 threads
Using templated Output files: /home/leizhao/Genome_Analysis/results/08_Trimmomatic_RNA_trimming/RNA_trimmed_1P.fq.gz /home/leizhao/Genome_Analysis/results/08_Trimmomatic_RNA_trimming/RNA_trimmed_1U.fq.gz /home/leizhao/Genome_Analysis/results/08_Trimmomatic_RNA_trimming/RNA_trimmed_2P.fq.gz /home/leizhao/Genome_Analysis/results/08_Trimmomatic_RNA_trimming/RNA_trimmed_2U.fq.gz
java.io.FileNotFoundException: /domus/h1/leizhao/Genome_Analysis/code/TruSeq3-PE.fa (No such file or directory)
	at java.io.FileInputStream.open0(Native Method)
	at java.io.FileInputStream.open(FileInputStream.java:195)
	at java.io.FileInputStream.<init>(FileInputStream.java:138)
	at org.usadellab.trimmomatic.fasta.FastaParser.parse(FastaParser.java:54)
	at org.usadellab.trimmomatic.trim.IlluminaClippingTrimmer.loadSequences(IlluminaClippingTrimmer.java:110)
	at org.usadellab.trimmomatic.trim.IlluminaClippingTrimmer.makeIlluminaClippingTrimmer(IlluminaClippingTrimmer.java:71)
	at org.usadellab.trimmomatic.trim.TrimmerFactory.makeTrimmer(TrimmerFactory.java:32)
	at org.usadellab.trimmomatic.Trimmomatic.createTrimmers(Trimmomatic.java:59)
	at org.usadellab.trimmomatic.TrimmomaticPE.run(TrimmomaticPE.java:552)
	at org.usadellab.trimmomatic.Trimmomatic.main(Trimmomatic.java:80)
Quality encoding detected as phred33
Input Read Pairs: 2768706 Both Surviving: 2767657 (99.96%) Forward Only Surviving: 171 (0.01%) Reverse Only Surviving: 864 (0.03%) Dropped: 14 (0.00%)
TrimmomaticPE: Completed successfully
