+ cat /var/spool/slurmd/job7853746/slurm_script
#!/bin/bash -l
#SBATCH -A uppmax2023-2-8
#SBATCH -M snowy
#SBATCH -p core
#SBATCH -n 8
#SBATCH -t 24:00:00
#SBATCH -J DNA_assembly_masking
#SBATCH --mail-type=ALL
#SBATCH --mail-user lei.zhao.1300@student.uu.se

set -x
cat $0
echo USER = $USER
echo QOS = $SLURM_JOB_QOS

module load bioinfo-tools 
module load RepeatModeler
module load RepeatMasker

RepeatMasker -pa 2 -xsmall -species cotton -dir /proj/genomeanalysis2023/nobackup/work/leizhao/06_RepeatMasker_DNA_assembly_masking /home/leizhao/Genome_Analysis/results/04_Pilon_DNA_assembly_polish/DNA_assembly_polish_Pilon.fasta

+ echo USER = leizhao
USER = leizhao
+ echo QOS = normal
QOS = normal
+ module load bioinfo-tools
++ /usr/share/lmod/lmod/libexec/lmod bash load bioinfo-tools
+ eval '__LMOD_REF_COUNT_LOADEDMODULES=uppmax:2\;bioinfo-tools:1;' export '__LMOD_REF_COUNT_LOADEDMODULES;' 'LOADEDMODULES=uppmax:bioinfo-tools;' export 'LOADEDMODULES;' '__LMOD_REF_COUNT_MODULEPATH=/sw/mf/snowy/bioinfo-tools/annotation:1\;/sw/mf/snowy/bioinfo-tools/alignment:1\;/sw/mf/snowy/bioinfo-tools/assembly:1\;/sw/mf/snowy/bioinfo-tools/misc:1\;/sw/mf/snowy/bioinfo-tools/phylogeny:1\;/sw/mf/snowy/bioinfo-tools/pipelines:1\;/sw/mf/snowy/bioinfo-tools/sw_collections:1\;/sw/mf/snowy/applications:1\;/sw/mf/snowy/build-tools:1\;/sw/mf/snowy/compilers:1\;/sw/mf/snowy/data:1\;/sw/mf/snowy/environment:1\;/sw/mf/snowy/libraries:1\;/sw/mf/snowy/parallel:1;' export '__LMOD_REF_COUNT_MODULEPATH;' 'MODULEPATH=/sw/mf/snowy/bioinfo-tools/annotation:/sw/mf/snowy/bioinfo-tools/alignment:/sw/mf/snowy/bioinfo-tools/assembly:/sw/mf/snowy/bioinfo-tools/misc:/sw/mf/snowy/bioinfo-tools/phylogeny:/sw/mf/snowy/bioinfo-tools/pipelines:/sw/mf/snowy/bioinfo-tools/sw_collections:/sw/mf/snowy/applications:/sw/mf/snowy/build-tools:/sw/mf/snowy/compilers:/sw/mf/snowy/data:/sw/mf/snowy/environment:/sw/mf/snowy/libraries:/sw/mf/snowy/parallel;' export 'MODULEPATH;' '__LMOD_REF_COUNT__LMFILES_=/sw/mf/snowy/environment/bioinfo-tools:1;' export '__LMOD_REF_COUNT__LMFILES_;' '_LMFILES_=/sw/mf/snowy/environment/bioinfo-tools;' export '_LMFILES_;' '_ModuleTable001_=X01vZHVsZVRhYmxlXz17WyJNVHZlcnNpb24iXT0zLFsiY19yZWJ1aWxkVGltZSJdPWZhbHNlLFsiY19zaG9ydFRpbWUiXT1mYWxzZSxkZXB0aFQ9e30sZmFtaWx5PXt9LG1UPXtbImJpb2luZm8tdG9vbHMiXT17WyJmbiJdPSIvc3cvbWYvc25vd3kvZW52aXJvbm1lbnQvYmlvaW5mby10b29scyIsWyJmdWxsTmFtZSJdPSJiaW9pbmZvLXRvb2xzIixbImxvYWRPcmRlciJdPTEscHJvcFQ9e30sWyJzdGFja0RlcHRoIl09MCxbInN0YXR1cyJdPSJhY3RpdmUiLFsidXNlck5hbWUiXT0iYmlvaW5mby10b29scyIsfSx9LG1wYXRoQT17Ii9zdy9tZi9zbm93eS9iaW9pbmZvLXRvb2xzL2Fubm90YXRpb24iLCIvc3cvbWYvc25vd3kvYmlvaW5mby10b29scy9hbGlnbm1lbnQiLCIvc3cv;' export '_ModuleTable001_;' '_ModuleTable002_=bWYvc25vd3kvYmlvaW5mby10b29scy9hc3NlbWJseSIsIi9zdy9tZi9zbm93eS9iaW9pbmZvLXRvb2xzL21pc2MiLCIvc3cvbWYvc25vd3kvYmlvaW5mby10b29scy9waHlsb2dlbnkiLCIvc3cvbWYvc25vd3kvYmlvaW5mby10b29scy9waXBlbGluZXMiLCIvc3cvbWYvc25vd3kvYmlvaW5mby10b29scy9zd19jb2xsZWN0aW9ucyIsIi9zdy9tZi9zbm93eS9hcHBsaWNhdGlvbnMiLCIvc3cvbWYvc25vd3kvYnVpbGQtdG9vbHMiLCIvc3cvbWYvc25vd3kvY29tcGlsZXJzIiwiL3N3L21mL3Nub3d5L2RhdGEiLCIvc3cvbWYvc25vd3kvZW52aXJvbm1lbnQiLCIvc3cvbWYvc25vd3kvbGlicmFyaWVzIiwiL3N3L21mL3Nub3d5L3BhcmFsbGVsIix9LFsic3lzdGVtQmFzZU1QQVRI;' export '_ModuleTable002_;' '_ModuleTable003_=Il09Ii9zdy9tZi9zbm93eS9hcHBsaWNhdGlvbnM6L3N3L21mL3Nub3d5L2J1aWxkLXRvb2xzOi9zdy9tZi9zbm93eS9jb21waWxlcnM6L3N3L21mL3Nub3d5L2RhdGE6L3N3L21mL3Nub3d5L2Vudmlyb25tZW50Oi9zdy9tZi9zbm93eS9saWJyYXJpZXM6L3N3L21mL3Nub3d5L3BhcmFsbGVsIix9;' export '_ModuleTable003_;' '_ModuleTable_Sz_=3;' export '_ModuleTable_Sz_;'
++ __LMOD_REF_COUNT_LOADEDMODULES='uppmax:2;bioinfo-tools:1'
++ export __LMOD_REF_COUNT_LOADEDMODULES
++ LOADEDMODULES=uppmax:bioinfo-tools
++ export LOADEDMODULES
++ __LMOD_REF_COUNT_MODULEPATH='/sw/mf/snowy/bioinfo-tools/annotation:1;/sw/mf/snowy/bioinfo-tools/alignment:1;/sw/mf/snowy/bioinfo-tools/assembly:1;/sw/mf/snowy/bioinfo-tools/misc:1;/sw/mf/snowy/bioinfo-tools/phylogeny:1;/sw/mf/snowy/bioinfo-tools/pipelines:1;/sw/mf/snowy/bioinfo-tools/sw_collections:1;/sw/mf/snowy/applications:1;/sw/mf/snowy/build-tools:1;/sw/mf/snowy/compilers:1;/sw/mf/snowy/data:1;/sw/mf/snowy/environment:1;/sw/mf/snowy/libraries:1;/sw/mf/snowy/parallel:1'
++ export __LMOD_REF_COUNT_MODULEPATH
++ MODULEPATH=/sw/mf/snowy/bioinfo-tools/annotation:/sw/mf/snowy/bioinfo-tools/alignment:/sw/mf/snowy/bioinfo-tools/assembly:/sw/mf/snowy/bioinfo-tools/misc:/sw/mf/snowy/bioinfo-tools/phylogeny:/sw/mf/snowy/bioinfo-tools/pipelines:/sw/mf/snowy/bioinfo-tools/sw_collections:/sw/mf/snowy/applications:/sw/mf/snowy/build-tools:/sw/mf/snowy/compilers:/sw/mf/snowy/data:/sw/mf/snowy/environment:/sw/mf/snowy/libraries:/sw/mf/snowy/parallel
++ export MODULEPATH
++ __LMOD_REF_COUNT__LMFILES_=/sw/mf/snowy/environment/bioinfo-tools:1
++ export __LMOD_REF_COUNT__LMFILES_
++ _LMFILES_=/sw/mf/snowy/environment/bioinfo-tools
++ export _LMFILES_
++ _ModuleTable001_=X01vZHVsZVRhYmxlXz17WyJNVHZlcnNpb24iXT0zLFsiY19yZWJ1aWxkVGltZSJdPWZhbHNlLFsiY19zaG9ydFRpbWUiXT1mYWxzZSxkZXB0aFQ9e30sZmFtaWx5PXt9LG1UPXtbImJpb2luZm8tdG9vbHMiXT17WyJmbiJdPSIvc3cvbWYvc25vd3kvZW52aXJvbm1lbnQvYmlvaW5mby10b29scyIsWyJmdWxsTmFtZSJdPSJiaW9pbmZvLXRvb2xzIixbImxvYWRPcmRlciJdPTEscHJvcFQ9e30sWyJzdGFja0RlcHRoIl09MCxbInN0YXR1cyJdPSJhY3RpdmUiLFsidXNlck5hbWUiXT0iYmlvaW5mby10b29scyIsfSx9LG1wYXRoQT17Ii9zdy9tZi9zbm93eS9iaW9pbmZvLXRvb2xzL2Fubm90YXRpb24iLCIvc3cvbWYvc25vd3kvYmlvaW5mby10b29scy9hbGlnbm1lbnQiLCIvc3cv
++ export _ModuleTable001_
++ _ModuleTable002_=bWYvc25vd3kvYmlvaW5mby10b29scy9hc3NlbWJseSIsIi9zdy9tZi9zbm93eS9iaW9pbmZvLXRvb2xzL21pc2MiLCIvc3cvbWYvc25vd3kvYmlvaW5mby10b29scy9waHlsb2dlbnkiLCIvc3cvbWYvc25vd3kvYmlvaW5mby10b29scy9waXBlbGluZXMiLCIvc3cvbWYvc25vd3kvYmlvaW5mby10b29scy9zd19jb2xsZWN0aW9ucyIsIi9zdy9tZi9zbm93eS9hcHBsaWNhdGlvbnMiLCIvc3cvbWYvc25vd3kvYnVpbGQtdG9vbHMiLCIvc3cvbWYvc25vd3kvY29tcGlsZXJzIiwiL3N3L21mL3Nub3d5L2RhdGEiLCIvc3cvbWYvc25vd3kvZW52aXJvbm1lbnQiLCIvc3cvbWYvc25vd3kvbGlicmFyaWVzIiwiL3N3L21mL3Nub3d5L3BhcmFsbGVsIix9LFsic3lzdGVtQmFzZU1QQVRI
++ export _ModuleTable002_
++ _ModuleTable003_=Il09Ii9zdy9tZi9zbm93eS9hcHBsaWNhdGlvbnM6L3N3L21mL3Nub3d5L2J1aWxkLXRvb2xzOi9zdy9tZi9zbm93eS9jb21waWxlcnM6L3N3L21mL3Nub3d5L2RhdGE6L3N3L21mL3Nub3d5L2Vudmlyb25tZW50Oi9zdy9tZi9zbm93eS9saWJyYXJpZXM6L3N3L21mL3Nub3d5L3BhcmFsbGVsIix9
++ export _ModuleTable003_
++ _ModuleTable_Sz_=3
++ export _ModuleTable_Sz_
++ : -s sh
+ eval
+ module load RepeatModeler
++ /usr/share/lmod/lmod/libexec/lmod bash load RepeatModeler
+ eval '__LMOD_REF_COUNT_LD_LIBRARY_PATH=/sw/comp/perl_modules/5.26.2/snowy/lib:1;' export '__LMOD_REF_COUNT_LD_LIBRARY_PATH;' 'LD_LIBRARY_PATH=/sw/comp/perl_modules/5.26.2/snowy/lib;' export 'LD_LIBRARY_PATH;' '__LMOD_REF_COUNT_LOADEDMODULES=uppmax:2\;bioinfo-tools:1\;perl/5.26.2:1\;perl_modules/5.26.2:1\;RepeatModeler/2.0.3:1;' export '__LMOD_REF_COUNT_LOADEDMODULES;' 'LOADEDMODULES=uppmax:bioinfo-tools:perl/5.26.2:perl_modules/5.26.2:RepeatModeler/2.0.3;' export 'LOADEDMODULES;' '__LMOD_REF_COUNT_MANPATH=/sw/comp/perl/5.26.2/snowy/man:1\;/usr/share/man:2\;/sw/uppmax/man:2\;/opt/thinlinc/share/man:2\;/sw/comp/perl_modules/5.26.2/snowy/man:1;' export '__LMOD_REF_COUNT_MANPATH;' 'MANPATH=/sw/comp/perl/5.26.2/snowy/man:/usr/share/man:/sw/uppmax/man:/opt/thinlinc/share/man:/sw/comp/perl_modules/5.26.2/snowy/man;' export 'MANPATH;' 'MODULEPATH=/sw/mf/snowy/bioinfo-tools/annotation:/sw/mf/snowy/bioinfo-tools/alignment:/sw/mf/snowy/bioinfo-tools/assembly:/sw/mf/snowy/bioinfo-tools/misc:/sw/mf/snowy/bioinfo-tools/phylogeny:/sw/mf/snowy/bioinfo-tools/pipelines:/sw/mf/snowy/bioinfo-tools/sw_collections:/sw/mf/snowy/applications:/sw/mf/snowy/build-tools:/sw/mf/snowy/compilers:/sw/mf/snowy/data:/sw/mf/snowy/environment:/sw/mf/snowy/libraries:/sw/mf/snowy/parallel;' export 'MODULEPATH;' '__LMOD_REF_COUNT_PATH=/sw/bioinfo/RepeatModeler/2.0.3/snowy:1\;/sw/bioinfo/RepeatModeler/2.0.3/snowy/util:1\;/sw/comp/perl_modules/5.26.2/snowy/bin:1\;/sw/comp/perl/5.26.2/snowy/bin:1\;/home/leizhao/bin:2\;/usr/lib64/qt-3.3/bin:1\;/usr/local/bin:1\;/usr/bin:1\;/usr/local/sbin:1\;/usr/sbin:1\;/opt/thinlinc/bin:1\;/sw/uppmax/bin:2;' export '__LMOD_REF_COUNT_PATH;' 'PATH=/sw/bioinfo/RepeatModeler/2.0.3/snowy:/sw/bioinfo/RepeatModeler/2.0.3/snowy/util:/sw/comp/perl_modules/5.26.2/snowy/bin:/sw/comp/perl/5.26.2/snowy/bin:/home/leizhao/bin:/usr/lib64/qt-3.3/bin:/usr/local/bin:/usr/bin:/usr/local/sbin:/usr/sbin:/opt/thinlinc/bin:/sw/uppmax/bin;' export 'PATH;' '__LMOD_REF_COUNT_PERL5LIB=/sw/comp/perl_modules/5.26.2/snowy/lib/perl5:1\;/sw/comp/perl_modules/5.26.2/snowy/lib/perl5/x86_64-linux-thread-multi:1\;/sw/comp/perl/5.26.2/snowy/lib:1;' export '__LMOD_REF_COUNT_PERL5LIB;' 'PERL5LIB=/sw/comp/perl_modules/5.26.2/snowy/lib/perl5:/sw/comp/perl_modules/5.26.2/snowy/lib/perl5/x86_64-linux-thread-multi:/sw/comp/perl/5.26.2/snowy/lib;' export 'PERL5LIB;' '__LMOD_REF_COUNT__LMFILES_=/sw/mf/snowy/environment/bioinfo-tools:1\;/sw/mf/snowy/compilers/perl/5.26.2:1\;/sw/mf/snowy/compilers/perl_modules/5.26.2:1\;/sw/mf/snowy/bioinfo-tools/misc/RepeatModeler/2.0.3:1;' export '__LMOD_REF_COUNT__LMFILES_;' '_LMFILES_=/sw/mf/snowy/environment/bioinfo-tools:/sw/mf/snowy/compilers/perl/5.26.2:/sw/mf/snowy/compilers/perl_modules/5.26.2:/sw/mf/snowy/bioinfo-tools/misc/RepeatModeler/2.0.3;' export '_LMFILES_;' '_ModuleTable001_=X01vZHVsZVRhYmxlXz17WyJNVHZlcnNpb24iXT0zLFsiY19yZWJ1aWxkVGltZSJdPWZhbHNlLFsiY19zaG9ydFRpbWUiXT1mYWxzZSxkZXB0aFQ9e30sZmFtaWx5PXt9LG1UPXtSZXBlYXRNb2RlbGVyPXtbImZuIl09Ii9zdy9tZi9zbm93eS9iaW9pbmZvLXRvb2xzL21pc2MvUmVwZWF0TW9kZWxlci8yLjAuMyIsWyJmdWxsTmFtZSJdPSJSZXBlYXRNb2RlbGVyLzIuMC4zIixbImxvYWRPcmRlciJdPTQscHJvcFQ9e30sWyJzdGFja0RlcHRoIl09MCxbInN0YXR1cyJdPSJhY3RpdmUiLFsidXNlck5hbWUiXT0iUmVwZWF0TW9kZWxlciIsfSxbImJpb2luZm8tdG9vbHMiXT17WyJmbiJdPSIvc3cvbWYvc25vd3kvZW52aXJvbm1lbnQvYmlvaW5mby10b29scyIsWyJmdWxsTmFtZSJd;' export '_ModuleTable001_;' '_ModuleTable002_=PSJiaW9pbmZvLXRvb2xzIixbImxvYWRPcmRlciJdPTEscHJvcFQ9e30sWyJzdGFja0RlcHRoIl09MCxbInN0YXR1cyJdPSJhY3RpdmUiLFsidXNlck5hbWUiXT0iYmlvaW5mby10b29scyIsfSxwZXJsPXtbImZuIl09Ii9zdy9tZi9zbm93eS9jb21waWxlcnMvcGVybC81LjI2LjIiLFsiZnVsbE5hbWUiXT0icGVybC81LjI2LjIiLFsibG9hZE9yZGVyIl09Mixwcm9wVD17fSxbInJlZl9jb3VudCJdPTEsWyJzdGFja0RlcHRoIl09MSxbInN0YXR1cyJdPSJhY3RpdmUiLFsidXNlck5hbWUiXT0icGVybC81LjI2LjIiLH0scGVybF9tb2R1bGVzPXtbImZuIl09Ii9zdy9tZi9zbm93eS9jb21waWxlcnMvcGVybF9tb2R1bGVzLzUuMjYuMiIsWyJmdWxsTmFtZSJdPSJwZXJsX21vZHVs;' export '_ModuleTable002_;' '_ModuleTable003_=ZXMvNS4yNi4yIixbImxvYWRPcmRlciJdPTMscHJvcFQ9e30sWyJzdGFja0RlcHRoIl09MSxbInN0YXR1cyJdPSJhY3RpdmUiLFsidXNlck5hbWUiXT0icGVybF9tb2R1bGVzLzUuMjYuMiIsfSx9LG1wYXRoQT17Ii9zdy9tZi9zbm93eS9iaW9pbmZvLXRvb2xzL2Fubm90YXRpb24iLCIvc3cvbWYvc25vd3kvYmlvaW5mby10b29scy9hbGlnbm1lbnQiLCIvc3cvbWYvc25vd3kvYmlvaW5mby10b29scy9hc3NlbWJseSIsIi9zdy9tZi9zbm93eS9iaW9pbmZvLXRvb2xzL21pc2MiLCIvc3cvbWYvc25vd3kvYmlvaW5mby10b29scy9waHlsb2dlbnkiLCIvc3cvbWYvc25vd3kvYmlvaW5mby10b29scy9waXBlbGluZXMiLCIvc3cvbWYvc25vd3kvYmlvaW5mby10b29scy9zd19jb2xs;' export '_ModuleTable003_;' '_ModuleTable004_=ZWN0aW9ucyIsIi9zdy9tZi9zbm93eS9hcHBsaWNhdGlvbnMiLCIvc3cvbWYvc25vd3kvYnVpbGQtdG9vbHMiLCIvc3cvbWYvc25vd3kvY29tcGlsZXJzIiwiL3N3L21mL3Nub3d5L2RhdGEiLCIvc3cvbWYvc25vd3kvZW52aXJvbm1lbnQiLCIvc3cvbWYvc25vd3kvbGlicmFyaWVzIiwiL3N3L21mL3Nub3d5L3BhcmFsbGVsIix9LFsic3lzdGVtQmFzZU1QQVRIIl09Ii9zdy9tZi9zbm93eS9hcHBsaWNhdGlvbnM6L3N3L21mL3Nub3d5L2J1aWxkLXRvb2xzOi9zdy9tZi9zbm93eS9jb21waWxlcnM6L3N3L21mL3Nub3d5L2RhdGE6L3N3L21mL3Nub3d5L2Vudmlyb25tZW50Oi9zdy9tZi9zbm93eS9saWJyYXJpZXM6L3N3L21mL3Nub3d5L3BhcmFsbGVsIix9;' export '_ModuleTable004_;' '_ModuleTable_Sz_=4;' export '_ModuleTable_Sz_;'
++ __LMOD_REF_COUNT_LD_LIBRARY_PATH=/sw/comp/perl_modules/5.26.2/snowy/lib:1
++ export __LMOD_REF_COUNT_LD_LIBRARY_PATH
++ LD_LIBRARY_PATH=/sw/comp/perl_modules/5.26.2/snowy/lib
++ export LD_LIBRARY_PATH
++ __LMOD_REF_COUNT_LOADEDMODULES='uppmax:2;bioinfo-tools:1;perl/5.26.2:1;perl_modules/5.26.2:1;RepeatModeler/2.0.3:1'
++ export __LMOD_REF_COUNT_LOADEDMODULES
++ LOADEDMODULES=uppmax:bioinfo-tools:perl/5.26.2:perl_modules/5.26.2:RepeatModeler/2.0.3
++ export LOADEDMODULES
++ __LMOD_REF_COUNT_MANPATH='/sw/comp/perl/5.26.2/snowy/man:1;/usr/share/man:2;/sw/uppmax/man:2;/opt/thinlinc/share/man:2;/sw/comp/perl_modules/5.26.2/snowy/man:1'
++ export __LMOD_REF_COUNT_MANPATH
++ MANPATH=/sw/comp/perl/5.26.2/snowy/man:/usr/share/man:/sw/uppmax/man:/opt/thinlinc/share/man:/sw/comp/perl_modules/5.26.2/snowy/man
++ export MANPATH
++ MODULEPATH=/sw/mf/snowy/bioinfo-tools/annotation:/sw/mf/snowy/bioinfo-tools/alignment:/sw/mf/snowy/bioinfo-tools/assembly:/sw/mf/snowy/bioinfo-tools/misc:/sw/mf/snowy/bioinfo-tools/phylogeny:/sw/mf/snowy/bioinfo-tools/pipelines:/sw/mf/snowy/bioinfo-tools/sw_collections:/sw/mf/snowy/applications:/sw/mf/snowy/build-tools:/sw/mf/snowy/compilers:/sw/mf/snowy/data:/sw/mf/snowy/environment:/sw/mf/snowy/libraries:/sw/mf/snowy/parallel
++ export MODULEPATH
++ __LMOD_REF_COUNT_PATH='/sw/bioinfo/RepeatModeler/2.0.3/snowy:1;/sw/bioinfo/RepeatModeler/2.0.3/snowy/util:1;/sw/comp/perl_modules/5.26.2/snowy/bin:1;/sw/comp/perl/5.26.2/snowy/bin:1;/home/leizhao/bin:2;/usr/lib64/qt-3.3/bin:1;/usr/local/bin:1;/usr/bin:1;/usr/local/sbin:1;/usr/sbin:1;/opt/thinlinc/bin:1;/sw/uppmax/bin:2'
++ export __LMOD_REF_COUNT_PATH
++ PATH=/sw/bioinfo/RepeatModeler/2.0.3/snowy:/sw/bioinfo/RepeatModeler/2.0.3/snowy/util:/sw/comp/perl_modules/5.26.2/snowy/bin:/sw/comp/perl/5.26.2/snowy/bin:/home/leizhao/bin:/usr/lib64/qt-3.3/bin:/usr/local/bin:/usr/bin:/usr/local/sbin:/usr/sbin:/opt/thinlinc/bin:/sw/uppmax/bin
++ export PATH
++ __LMOD_REF_COUNT_PERL5LIB='/sw/comp/perl_modules/5.26.2/snowy/lib/perl5:1;/sw/comp/perl_modules/5.26.2/snowy/lib/perl5/x86_64-linux-thread-multi:1;/sw/comp/perl/5.26.2/snowy/lib:1'
++ export __LMOD_REF_COUNT_PERL5LIB
++ PERL5LIB=/sw/comp/perl_modules/5.26.2/snowy/lib/perl5:/sw/comp/perl_modules/5.26.2/snowy/lib/perl5/x86_64-linux-thread-multi:/sw/comp/perl/5.26.2/snowy/lib
++ export PERL5LIB
++ __LMOD_REF_COUNT__LMFILES_='/sw/mf/snowy/environment/bioinfo-tools:1;/sw/mf/snowy/compilers/perl/5.26.2:1;/sw/mf/snowy/compilers/perl_modules/5.26.2:1;/sw/mf/snowy/bioinfo-tools/misc/RepeatModeler/2.0.3:1'
++ export __LMOD_REF_COUNT__LMFILES_
++ _LMFILES_=/sw/mf/snowy/environment/bioinfo-tools:/sw/mf/snowy/compilers/perl/5.26.2:/sw/mf/snowy/compilers/perl_modules/5.26.2:/sw/mf/snowy/bioinfo-tools/misc/RepeatModeler/2.0.3
++ export _LMFILES_
++ _ModuleTable001_=X01vZHVsZVRhYmxlXz17WyJNVHZlcnNpb24iXT0zLFsiY19yZWJ1aWxkVGltZSJdPWZhbHNlLFsiY19zaG9ydFRpbWUiXT1mYWxzZSxkZXB0aFQ9e30sZmFtaWx5PXt9LG1UPXtSZXBlYXRNb2RlbGVyPXtbImZuIl09Ii9zdy9tZi9zbm93eS9iaW9pbmZvLXRvb2xzL21pc2MvUmVwZWF0TW9kZWxlci8yLjAuMyIsWyJmdWxsTmFtZSJdPSJSZXBlYXRNb2RlbGVyLzIuMC4zIixbImxvYWRPcmRlciJdPTQscHJvcFQ9e30sWyJzdGFja0RlcHRoIl09MCxbInN0YXR1cyJdPSJhY3RpdmUiLFsidXNlck5hbWUiXT0iUmVwZWF0TW9kZWxlciIsfSxbImJpb2luZm8tdG9vbHMiXT17WyJmbiJdPSIvc3cvbWYvc25vd3kvZW52aXJvbm1lbnQvYmlvaW5mby10b29scyIsWyJmdWxsTmFtZSJd
++ export _ModuleTable001_
++ _ModuleTable002_=PSJiaW9pbmZvLXRvb2xzIixbImxvYWRPcmRlciJdPTEscHJvcFQ9e30sWyJzdGFja0RlcHRoIl09MCxbInN0YXR1cyJdPSJhY3RpdmUiLFsidXNlck5hbWUiXT0iYmlvaW5mby10b29scyIsfSxwZXJsPXtbImZuIl09Ii9zdy9tZi9zbm93eS9jb21waWxlcnMvcGVybC81LjI2LjIiLFsiZnVsbE5hbWUiXT0icGVybC81LjI2LjIiLFsibG9hZE9yZGVyIl09Mixwcm9wVD17fSxbInJlZl9jb3VudCJdPTEsWyJzdGFja0RlcHRoIl09MSxbInN0YXR1cyJdPSJhY3RpdmUiLFsidXNlck5hbWUiXT0icGVybC81LjI2LjIiLH0scGVybF9tb2R1bGVzPXtbImZuIl09Ii9zdy9tZi9zbm93eS9jb21waWxlcnMvcGVybF9tb2R1bGVzLzUuMjYuMiIsWyJmdWxsTmFtZSJdPSJwZXJsX21vZHVs
++ export _ModuleTable002_
++ _ModuleTable003_=ZXMvNS4yNi4yIixbImxvYWRPcmRlciJdPTMscHJvcFQ9e30sWyJzdGFja0RlcHRoIl09MSxbInN0YXR1cyJdPSJhY3RpdmUiLFsidXNlck5hbWUiXT0icGVybF9tb2R1bGVzLzUuMjYuMiIsfSx9LG1wYXRoQT17Ii9zdy9tZi9zbm93eS9iaW9pbmZvLXRvb2xzL2Fubm90YXRpb24iLCIvc3cvbWYvc25vd3kvYmlvaW5mby10b29scy9hbGlnbm1lbnQiLCIvc3cvbWYvc25vd3kvYmlvaW5mby10b29scy9hc3NlbWJseSIsIi9zdy9tZi9zbm93eS9iaW9pbmZvLXRvb2xzL21pc2MiLCIvc3cvbWYvc25vd3kvYmlvaW5mby10b29scy9waHlsb2dlbnkiLCIvc3cvbWYvc25vd3kvYmlvaW5mby10b29scy9waXBlbGluZXMiLCIvc3cvbWYvc25vd3kvYmlvaW5mby10b29scy9zd19jb2xs
++ export _ModuleTable003_
++ _ModuleTable004_=ZWN0aW9ucyIsIi9zdy9tZi9zbm93eS9hcHBsaWNhdGlvbnMiLCIvc3cvbWYvc25vd3kvYnVpbGQtdG9vbHMiLCIvc3cvbWYvc25vd3kvY29tcGlsZXJzIiwiL3N3L21mL3Nub3d5L2RhdGEiLCIvc3cvbWYvc25vd3kvZW52aXJvbm1lbnQiLCIvc3cvbWYvc25vd3kvbGlicmFyaWVzIiwiL3N3L21mL3Nub3d5L3BhcmFsbGVsIix9LFsic3lzdGVtQmFzZU1QQVRIIl09Ii9zdy9tZi9zbm93eS9hcHBsaWNhdGlvbnM6L3N3L21mL3Nub3d5L2J1aWxkLXRvb2xzOi9zdy9tZi9zbm93eS9jb21waWxlcnM6L3N3L21mL3Nub3d5L2RhdGE6L3N3L21mL3Nub3d5L2Vudmlyb25tZW50Oi9zdy9tZi9zbm93eS9saWJyYXJpZXM6L3N3L21mL3Nub3d5L3BhcmFsbGVsIix9
++ export _ModuleTable004_
++ _ModuleTable_Sz_=4
++ export _ModuleTable_Sz_
++ : -s sh
+ eval
+ module load RepeatMasker
++ /usr/share/lmod/lmod/libexec/lmod bash load RepeatMasker
+ eval '__LMOD_REF_COUNT_LD_LIBRARY_PATH=/sw/libs/wxWidgets/lib:1\;/sw/comp/perl_modules/5.26.2/snowy/lib:1;' export '__LMOD_REF_COUNT_LD_LIBRARY_PATH;' 'LD_LIBRARY_PATH=/sw/libs/wxWidgets/lib:/sw/comp/perl_modules/5.26.2/snowy/lib;' export 'LD_LIBRARY_PATH;' '__LMOD_REF_COUNT_LOADEDMODULES=uppmax:2\;bioinfo-tools:1\;RepeatModeler/2.0.3:1\;perl/5.26.2:1\;perl_modules/5.26.2:1\;python/3.7.2:1\;RepeatMasker/4.1.2-p1:1;' export '__LMOD_REF_COUNT_LOADEDMODULES;' 'LOADEDMODULES=uppmax:bioinfo-tools:RepeatModeler/2.0.3:perl/5.26.2:perl_modules/5.26.2:python/3.7.2:RepeatMasker/4.1.2-p1;' export 'LOADEDMODULES;' '__LMOD_REF_COUNT_MANPATH=/sw/comp/python/3.7.2_snowy/share/man:1\;/sw/comp/perl/5.26.2/snowy/man:1\;/usr/share/man:2\;/sw/uppmax/man:2\;/opt/thinlinc/share/man:2\;/sw/comp/perl_modules/5.26.2/snowy/man:1;' export '__LMOD_REF_COUNT_MANPATH;' 'MANPATH=/sw/comp/python/3.7.2_snowy/share/man:/sw/comp/perl/5.26.2/snowy/man:/usr/share/man:/sw/uppmax/man:/opt/thinlinc/share/man:/sw/comp/perl_modules/5.26.2/snowy/man;' export 'MANPATH;' 'MODULEPATH=/sw/mf/snowy/bioinfo-tools/annotation:/sw/mf/snowy/bioinfo-tools/alignment:/sw/mf/snowy/bioinfo-tools/assembly:/sw/mf/snowy/bioinfo-tools/misc:/sw/mf/snowy/bioinfo-tools/phylogeny:/sw/mf/snowy/bioinfo-tools/pipelines:/sw/mf/snowy/bioinfo-tools/sw_collections:/sw/mf/snowy/applications:/sw/mf/snowy/build-tools:/sw/mf/snowy/compilers:/sw/mf/snowy/data:/sw/mf/snowy/environment:/sw/mf/snowy/libraries:/sw/mf/snowy/parallel;' export 'MODULEPATH;' '__LMOD_REF_COUNT_PATH=/sw/bioinfo/RepeatMasker/4.1.2-p1/snowy/util:1\;/sw/bioinfo/RepeatMasker/4.1.2-p1/snowy:1\;/sw/comp/python/3.7.2_snowy/bin:1\;/sw/comp/perl_modules/5.26.2/snowy/bin:1\;/sw/comp/perl/5.26.2/snowy/bin:1\;/sw/bioinfo/RepeatModeler/2.0.3/snowy:1\;/sw/bioinfo/RepeatModeler/2.0.3/snowy/util:1\;/home/leizhao/bin:2\;/usr/lib64/qt-3.3/bin:1\;/usr/local/bin:1\;/usr/bin:1\;/usr/local/sbin:1\;/usr/sbin:1\;/opt/thinlinc/bin:1\;/sw/uppmax/bin:2;' export '__LMOD_REF_COUNT_PATH;' 'PATH=/sw/bioinfo/RepeatMasker/4.1.2-p1/snowy/util:/sw/bioinfo/RepeatMasker/4.1.2-p1/snowy:/sw/comp/python/3.7.2_snowy/bin:/sw/comp/perl_modules/5.26.2/snowy/bin:/sw/comp/perl/5.26.2/snowy/bin:/sw/bioinfo/RepeatModeler/2.0.3/snowy:/sw/bioinfo/RepeatModeler/2.0.3/snowy/util:/home/leizhao/bin:/usr/lib64/qt-3.3/bin:/usr/local/bin:/usr/bin:/usr/local/sbin:/usr/sbin:/opt/thinlinc/bin:/sw/uppmax/bin;' export 'PATH;' 'PERL5LIB=/sw/comp/perl_modules/5.26.2/snowy/lib/perl5:/sw/comp/perl_modules/5.26.2/snowy/lib/perl5/x86_64-linux-thread-multi:/sw/comp/perl/5.26.2/snowy/lib;' export 'PERL5LIB;' '__LMOD_REF_COUNT_PKG_CONFIG_PATH=/sw/comp/python/3.7.2_snowy/lib/pkgconfig:1;' export '__LMOD_REF_COUNT_PKG_CONFIG_PATH;' 'PKG_CONFIG_PATH=/sw/comp/python/3.7.2_snowy/lib/pkgconfig;' export 'PKG_CONFIG_PATH;' 'PYTHON_ROOT=/sw/comp/python/3.7.2_snowy;' export 'PYTHON_ROOT;' 'REPEATMASKER_ROOT=/sw/bioinfo/RepeatMasker/4.1.2-p1/snowy;' export 'REPEATMASKER_ROOT;' '__LMOD_REF_COUNT__LMFILES_=/sw/mf/snowy/environment/bioinfo-tools:1\;/sw/mf/snowy/bioinfo-tools/misc/RepeatModeler/2.0.3:1\;/sw/mf/snowy/compilers/perl/5.26.2:1\;/sw/mf/snowy/compilers/perl_modules/5.26.2:1\;/sw/mf/snowy/compilers/python/3.7.2:1\;/sw/mf/snowy/bioinfo-tools/annotation/RepeatMasker/4.1.2-p1:1;' export '__LMOD_REF_COUNT__LMFILES_;' '_LMFILES_=/sw/mf/snowy/environment/bioinfo-tools:/sw/mf/snowy/bioinfo-tools/misc/RepeatModeler/2.0.3:/sw/mf/snowy/compilers/perl/5.26.2:/sw/mf/snowy/compilers/perl_modules/5.26.2:/sw/mf/snowy/compilers/python/3.7.2:/sw/mf/snowy/bioinfo-tools/annotation/RepeatMasker/4.1.2-p1;' export '_LMFILES_;' '_ModuleTable001_=X01vZHVsZVRhYmxlXz17WyJNVHZlcnNpb24iXT0zLFsiY19yZWJ1aWxkVGltZSJdPWZhbHNlLFsiY19zaG9ydFRpbWUiXT1mYWxzZSxkZXB0aFQ9e30sZmFtaWx5PXt9LG1UPXtSZXBlYXRNYXNrZXI9e1siZm4iXT0iL3N3L21mL3Nub3d5L2Jpb2luZm8tdG9vbHMvYW5ub3RhdGlvbi9SZXBlYXRNYXNrZXIvNC4xLjItcDEiLFsiZnVsbE5hbWUiXT0iUmVwZWF0TWFza2VyLzQuMS4yLXAxIixbImxvYWRPcmRlciJdPTYscHJvcFQ9e30sWyJzdGFja0RlcHRoIl09MCxbInN0YXR1cyJdPSJhY3RpdmUiLFsidXNlck5hbWUiXT0iUmVwZWF0TWFza2VyIix9LFJlcGVhdE1vZGVsZXI9e1siZm4iXT0iL3N3L21mL3Nub3d5L2Jpb2luZm8tdG9vbHMvbWlzYy9SZXBlYXRNb2RlbGVyLzIu;' export '_ModuleTable001_;' '_ModuleTable002_=MC4zIixbImZ1bGxOYW1lIl09IlJlcGVhdE1vZGVsZXIvMi4wLjMiLFsibG9hZE9yZGVyIl09Mixwcm9wVD17fSxbInN0YWNrRGVwdGgiXT0wLFsic3RhdHVzIl09ImFjdGl2ZSIsWyJ1c2VyTmFtZSJdPSJSZXBlYXRNb2RlbGVyIix9LFsiYmlvaW5mby10b29scyJdPXtbImZuIl09Ii9zdy9tZi9zbm93eS9lbnZpcm9ubWVudC9iaW9pbmZvLXRvb2xzIixbImZ1bGxOYW1lIl09ImJpb2luZm8tdG9vbHMiLFsibG9hZE9yZGVyIl09MSxwcm9wVD17fSxbInN0YWNrRGVwdGgiXT0wLFsic3RhdHVzIl09ImFjdGl2ZSIsWyJ1c2VyTmFtZSJdPSJiaW9pbmZvLXRvb2xzIix9LHBlcmw9e1siZm4iXT0iL3N3L21mL3Nub3d5L2NvbXBpbGVycy9wZXJsLzUuMjYuMiIsWyJmdWxsTmFtZSJd;' export '_ModuleTable002_;' '_ModuleTable003_=PSJwZXJsLzUuMjYuMiIsWyJsb2FkT3JkZXIiXT0zLHByb3BUPXt9LFsicmVmX2NvdW50Il09MSxbInN0YWNrRGVwdGgiXT0yLFsic3RhdHVzIl09ImFjdGl2ZSIsWyJ1c2VyTmFtZSJdPSJwZXJsLzUuMjYuMiIsfSxwZXJsX21vZHVsZXM9e1siZm4iXT0iL3N3L21mL3Nub3d5L2NvbXBpbGVycy9wZXJsX21vZHVsZXMvNS4yNi4yIixbImZ1bGxOYW1lIl09InBlcmxfbW9kdWxlcy81LjI2LjIiLFsibG9hZE9yZGVyIl09NCxwcm9wVD17fSxbInN0YWNrRGVwdGgiXT0xLFsic3RhdHVzIl09ImFjdGl2ZSIsWyJ1c2VyTmFtZSJdPSJwZXJsX21vZHVsZXMvNS4yNi4yIix9LHB5dGhvbj17WyJmbiJdPSIvc3cvbWYvc25vd3kvY29tcGlsZXJzL3B5dGhvbi8zLjcuMiIsWyJmdWxsTmFt;' export '_ModuleTable003_;' '_ModuleTable004_=ZSJdPSJweXRob24vMy43LjIiLFsibG9hZE9yZGVyIl09NSxwcm9wVD17fSxbInN0YWNrRGVwdGgiXT0xLFsic3RhdHVzIl09ImFjdGl2ZSIsWyJ1c2VyTmFtZSJdPSJweXRob24vMy43LjIiLH0sfSxtcGF0aEE9eyIvc3cvbWYvc25vd3kvYmlvaW5mby10b29scy9hbm5vdGF0aW9uIiwiL3N3L21mL3Nub3d5L2Jpb2luZm8tdG9vbHMvYWxpZ25tZW50IiwiL3N3L21mL3Nub3d5L2Jpb2luZm8tdG9vbHMvYXNzZW1ibHkiLCIvc3cvbWYvc25vd3kvYmlvaW5mby10b29scy9taXNjIiwiL3N3L21mL3Nub3d5L2Jpb2luZm8tdG9vbHMvcGh5bG9nZW55IiwiL3N3L21mL3Nub3d5L2Jpb2luZm8tdG9vbHMvcGlwZWxpbmVzIiwiL3N3L21mL3Nub3d5L2Jpb2luZm8tdG9vbHMvc3dfY29s;' export '_ModuleTable004_;' '_ModuleTable005_=bGVjdGlvbnMiLCIvc3cvbWYvc25vd3kvYXBwbGljYXRpb25zIiwiL3N3L21mL3Nub3d5L2J1aWxkLXRvb2xzIiwiL3N3L21mL3Nub3d5L2NvbXBpbGVycyIsIi9zdy9tZi9zbm93eS9kYXRhIiwiL3N3L21mL3Nub3d5L2Vudmlyb25tZW50IiwiL3N3L21mL3Nub3d5L2xpYnJhcmllcyIsIi9zdy9tZi9zbm93eS9wYXJhbGxlbCIsfSxbInN5c3RlbUJhc2VNUEFUSCJdPSIvc3cvbWYvc25vd3kvYXBwbGljYXRpb25zOi9zdy9tZi9zbm93eS9idWlsZC10b29sczovc3cvbWYvc25vd3kvY29tcGlsZXJzOi9zdy9tZi9zbm93eS9kYXRhOi9zdy9tZi9zbm93eS9lbnZpcm9ubWVudDovc3cvbWYvc25vd3kvbGlicmFyaWVzOi9zdy9tZi9zbm93eS9wYXJhbGxlbCIsfQ==;' export '_ModuleTable005_;' '_ModuleTable_Sz_=5;' export '_ModuleTable_Sz_;'
++ __LMOD_REF_COUNT_LD_LIBRARY_PATH='/sw/libs/wxWidgets/lib:1;/sw/comp/perl_modules/5.26.2/snowy/lib:1'
++ export __LMOD_REF_COUNT_LD_LIBRARY_PATH
++ LD_LIBRARY_PATH=/sw/libs/wxWidgets/lib:/sw/comp/perl_modules/5.26.2/snowy/lib
++ export LD_LIBRARY_PATH
++ __LMOD_REF_COUNT_LOADEDMODULES='uppmax:2;bioinfo-tools:1;RepeatModeler/2.0.3:1;perl/5.26.2:1;perl_modules/5.26.2:1;python/3.7.2:1;RepeatMasker/4.1.2-p1:1'
++ export __LMOD_REF_COUNT_LOADEDMODULES
++ LOADEDMODULES=uppmax:bioinfo-tools:RepeatModeler/2.0.3:perl/5.26.2:perl_modules/5.26.2:python/3.7.2:RepeatMasker/4.1.2-p1
++ export LOADEDMODULES
++ __LMOD_REF_COUNT_MANPATH='/sw/comp/python/3.7.2_snowy/share/man:1;/sw/comp/perl/5.26.2/snowy/man:1;/usr/share/man:2;/sw/uppmax/man:2;/opt/thinlinc/share/man:2;/sw/comp/perl_modules/5.26.2/snowy/man:1'
++ export __LMOD_REF_COUNT_MANPATH
++ MANPATH=/sw/comp/python/3.7.2_snowy/share/man:/sw/comp/perl/5.26.2/snowy/man:/usr/share/man:/sw/uppmax/man:/opt/thinlinc/share/man:/sw/comp/perl_modules/5.26.2/snowy/man
++ export MANPATH
++ MODULEPATH=/sw/mf/snowy/bioinfo-tools/annotation:/sw/mf/snowy/bioinfo-tools/alignment:/sw/mf/snowy/bioinfo-tools/assembly:/sw/mf/snowy/bioinfo-tools/misc:/sw/mf/snowy/bioinfo-tools/phylogeny:/sw/mf/snowy/bioinfo-tools/pipelines:/sw/mf/snowy/bioinfo-tools/sw_collections:/sw/mf/snowy/applications:/sw/mf/snowy/build-tools:/sw/mf/snowy/compilers:/sw/mf/snowy/data:/sw/mf/snowy/environment:/sw/mf/snowy/libraries:/sw/mf/snowy/parallel
++ export MODULEPATH
++ __LMOD_REF_COUNT_PATH='/sw/bioinfo/RepeatMasker/4.1.2-p1/snowy/util:1;/sw/bioinfo/RepeatMasker/4.1.2-p1/snowy:1;/sw/comp/python/3.7.2_snowy/bin:1;/sw/comp/perl_modules/5.26.2/snowy/bin:1;/sw/comp/perl/5.26.2/snowy/bin:1;/sw/bioinfo/RepeatModeler/2.0.3/snowy:1;/sw/bioinfo/RepeatModeler/2.0.3/snowy/util:1;/home/leizhao/bin:2;/usr/lib64/qt-3.3/bin:1;/usr/local/bin:1;/usr/bin:1;/usr/local/sbin:1;/usr/sbin:1;/opt/thinlinc/bin:1;/sw/uppmax/bin:2'
++ export __LMOD_REF_COUNT_PATH
++ PATH=/sw/bioinfo/RepeatMasker/4.1.2-p1/snowy/util:/sw/bioinfo/RepeatMasker/4.1.2-p1/snowy:/sw/comp/python/3.7.2_snowy/bin:/sw/comp/perl_modules/5.26.2/snowy/bin:/sw/comp/perl/5.26.2/snowy/bin:/sw/bioinfo/RepeatModeler/2.0.3/snowy:/sw/bioinfo/RepeatModeler/2.0.3/snowy/util:/home/leizhao/bin:/usr/lib64/qt-3.3/bin:/usr/local/bin:/usr/bin:/usr/local/sbin:/usr/sbin:/opt/thinlinc/bin:/sw/uppmax/bin
++ export PATH
++ PERL5LIB=/sw/comp/perl_modules/5.26.2/snowy/lib/perl5:/sw/comp/perl_modules/5.26.2/snowy/lib/perl5/x86_64-linux-thread-multi:/sw/comp/perl/5.26.2/snowy/lib
++ export PERL5LIB
++ __LMOD_REF_COUNT_PKG_CONFIG_PATH=/sw/comp/python/3.7.2_snowy/lib/pkgconfig:1
++ export __LMOD_REF_COUNT_PKG_CONFIG_PATH
++ PKG_CONFIG_PATH=/sw/comp/python/3.7.2_snowy/lib/pkgconfig
++ export PKG_CONFIG_PATH
++ PYTHON_ROOT=/sw/comp/python/3.7.2_snowy
++ export PYTHON_ROOT
++ REPEATMASKER_ROOT=/sw/bioinfo/RepeatMasker/4.1.2-p1/snowy
++ export REPEATMASKER_ROOT
++ __LMOD_REF_COUNT__LMFILES_='/sw/mf/snowy/environment/bioinfo-tools:1;/sw/mf/snowy/bioinfo-tools/misc/RepeatModeler/2.0.3:1;/sw/mf/snowy/compilers/perl/5.26.2:1;/sw/mf/snowy/compilers/perl_modules/5.26.2:1;/sw/mf/snowy/compilers/python/3.7.2:1;/sw/mf/snowy/bioinfo-tools/annotation/RepeatMasker/4.1.2-p1:1'
++ export __LMOD_REF_COUNT__LMFILES_
++ _LMFILES_=/sw/mf/snowy/environment/bioinfo-tools:/sw/mf/snowy/bioinfo-tools/misc/RepeatModeler/2.0.3:/sw/mf/snowy/compilers/perl/5.26.2:/sw/mf/snowy/compilers/perl_modules/5.26.2:/sw/mf/snowy/compilers/python/3.7.2:/sw/mf/snowy/bioinfo-tools/annotation/RepeatMasker/4.1.2-p1
++ export _LMFILES_
++ _ModuleTable001_=X01vZHVsZVRhYmxlXz17WyJNVHZlcnNpb24iXT0zLFsiY19yZWJ1aWxkVGltZSJdPWZhbHNlLFsiY19zaG9ydFRpbWUiXT1mYWxzZSxkZXB0aFQ9e30sZmFtaWx5PXt9LG1UPXtSZXBlYXRNYXNrZXI9e1siZm4iXT0iL3N3L21mL3Nub3d5L2Jpb2luZm8tdG9vbHMvYW5ub3RhdGlvbi9SZXBlYXRNYXNrZXIvNC4xLjItcDEiLFsiZnVsbE5hbWUiXT0iUmVwZWF0TWFza2VyLzQuMS4yLXAxIixbImxvYWRPcmRlciJdPTYscHJvcFQ9e30sWyJzdGFja0RlcHRoIl09MCxbInN0YXR1cyJdPSJhY3RpdmUiLFsidXNlck5hbWUiXT0iUmVwZWF0TWFza2VyIix9LFJlcGVhdE1vZGVsZXI9e1siZm4iXT0iL3N3L21mL3Nub3d5L2Jpb2luZm8tdG9vbHMvbWlzYy9SZXBlYXRNb2RlbGVyLzIu
++ export _ModuleTable001_
++ _ModuleTable002_=MC4zIixbImZ1bGxOYW1lIl09IlJlcGVhdE1vZGVsZXIvMi4wLjMiLFsibG9hZE9yZGVyIl09Mixwcm9wVD17fSxbInN0YWNrRGVwdGgiXT0wLFsic3RhdHVzIl09ImFjdGl2ZSIsWyJ1c2VyTmFtZSJdPSJSZXBlYXRNb2RlbGVyIix9LFsiYmlvaW5mby10b29scyJdPXtbImZuIl09Ii9zdy9tZi9zbm93eS9lbnZpcm9ubWVudC9iaW9pbmZvLXRvb2xzIixbImZ1bGxOYW1lIl09ImJpb2luZm8tdG9vbHMiLFsibG9hZE9yZGVyIl09MSxwcm9wVD17fSxbInN0YWNrRGVwdGgiXT0wLFsic3RhdHVzIl09ImFjdGl2ZSIsWyJ1c2VyTmFtZSJdPSJiaW9pbmZvLXRvb2xzIix9LHBlcmw9e1siZm4iXT0iL3N3L21mL3Nub3d5L2NvbXBpbGVycy9wZXJsLzUuMjYuMiIsWyJmdWxsTmFtZSJd
++ export _ModuleTable002_
++ _ModuleTable003_=PSJwZXJsLzUuMjYuMiIsWyJsb2FkT3JkZXIiXT0zLHByb3BUPXt9LFsicmVmX2NvdW50Il09MSxbInN0YWNrRGVwdGgiXT0yLFsic3RhdHVzIl09ImFjdGl2ZSIsWyJ1c2VyTmFtZSJdPSJwZXJsLzUuMjYuMiIsfSxwZXJsX21vZHVsZXM9e1siZm4iXT0iL3N3L21mL3Nub3d5L2NvbXBpbGVycy9wZXJsX21vZHVsZXMvNS4yNi4yIixbImZ1bGxOYW1lIl09InBlcmxfbW9kdWxlcy81LjI2LjIiLFsibG9hZE9yZGVyIl09NCxwcm9wVD17fSxbInN0YWNrRGVwdGgiXT0xLFsic3RhdHVzIl09ImFjdGl2ZSIsWyJ1c2VyTmFtZSJdPSJwZXJsX21vZHVsZXMvNS4yNi4yIix9LHB5dGhvbj17WyJmbiJdPSIvc3cvbWYvc25vd3kvY29tcGlsZXJzL3B5dGhvbi8zLjcuMiIsWyJmdWxsTmFt
++ export _ModuleTable003_
++ _ModuleTable004_=ZSJdPSJweXRob24vMy43LjIiLFsibG9hZE9yZGVyIl09NSxwcm9wVD17fSxbInN0YWNrRGVwdGgiXT0xLFsic3RhdHVzIl09ImFjdGl2ZSIsWyJ1c2VyTmFtZSJdPSJweXRob24vMy43LjIiLH0sfSxtcGF0aEE9eyIvc3cvbWYvc25vd3kvYmlvaW5mby10b29scy9hbm5vdGF0aW9uIiwiL3N3L21mL3Nub3d5L2Jpb2luZm8tdG9vbHMvYWxpZ25tZW50IiwiL3N3L21mL3Nub3d5L2Jpb2luZm8tdG9vbHMvYXNzZW1ibHkiLCIvc3cvbWYvc25vd3kvYmlvaW5mby10b29scy9taXNjIiwiL3N3L21mL3Nub3d5L2Jpb2luZm8tdG9vbHMvcGh5bG9nZW55IiwiL3N3L21mL3Nub3d5L2Jpb2luZm8tdG9vbHMvcGlwZWxpbmVzIiwiL3N3L21mL3Nub3d5L2Jpb2luZm8tdG9vbHMvc3dfY29s
++ export _ModuleTable004_
++ _ModuleTable005_=bGVjdGlvbnMiLCIvc3cvbWYvc25vd3kvYXBwbGljYXRpb25zIiwiL3N3L21mL3Nub3d5L2J1aWxkLXRvb2xzIiwiL3N3L21mL3Nub3d5L2NvbXBpbGVycyIsIi9zdy9tZi9zbm93eS9kYXRhIiwiL3N3L21mL3Nub3d5L2Vudmlyb25tZW50IiwiL3N3L21mL3Nub3d5L2xpYnJhcmllcyIsIi9zdy9tZi9zbm93eS9wYXJhbGxlbCIsfSxbInN5c3RlbUJhc2VNUEFUSCJdPSIvc3cvbWYvc25vd3kvYXBwbGljYXRpb25zOi9zdy9tZi9zbm93eS9idWlsZC10b29sczovc3cvbWYvc25vd3kvY29tcGlsZXJzOi9zdy9tZi9zbm93eS9kYXRhOi9zdy9tZi9zbm93eS9lbnZpcm9ubWVudDovc3cvbWYvc25vd3kvbGlicmFyaWVzOi9zdy9tZi9zbm93eS9wYXJhbGxlbCIsfQ==
++ export _ModuleTable005_
++ _ModuleTable_Sz_=5
++ export _ModuleTable_Sz_
++ : -s sh
+ eval
+ RepeatMasker -pa 2 -xsmall -species cotton -dir /proj/genomeanalysis2023/nobackup/work/leizhao/06_RepeatMasker_DNA_assembly_masking /home/leizhao/Genome_Analysis/results/04_Pilon_DNA_assembly_polish/DNA_assembly_polish_Pilon.fasta
RepeatMasker version 4.1.2-p1
Search Engine: NCBI/RMBLAST [ 2.11.0+ ]

Using Master RepeatMasker Database: /sw/bioinfo/RepeatMasker/4.1.2-p1/rackham/Libraries/RepeatMaskerLib.h5
  Title    : Dfam withRBRM
  Version  : 3.4
  Date     : 2021-07-21
  Families : 326,778



Species "cotton" is not known to RepeatMasker.  There may
not be any TE families defined in the libraries for this
species/clade or there may be an error in the spelling.
Please check your entry against the NCBI Taxonomy database
and/or try using a broader clade or related species instead.
The full list of species/clades defined in the library may be
obtained using the famdb.py script.

