+ module load bioinfo-tools
++ /usr/share/lmod/lmod/libexec/lmod bash load bioinfo-tools
+ eval '__LMOD_REF_COUNT_LOADEDMODULES=uppmax:2\;bioinfo-tools:1;' export '__LMOD_REF_COUNT_LOADEDMODULES;' 'LOADEDMODULES=uppmax:bioinfo-tools;' export 'LOADEDMODULES;' '__LMOD_REF_COUNT_MODULEPATH=/sw/mf/snowy/bioinfo-tools/annotation:1\;/sw/mf/snowy/bioinfo-tools/alignment:1\;/sw/mf/snowy/bioinfo-tools/assembly:1\;/sw/mf/snowy/bioinfo-tools/misc:1\;/sw/mf/snowy/bioinfo-tools/phylogeny:1\;/sw/mf/snowy/bioinfo-tools/pipelines:1\;/sw/mf/snowy/bioinfo-tools/sw_collections:1\;/sw/mf/snowy/applications:1\;/sw/mf/snowy/build-tools:1\;/sw/mf/snowy/compilers:1\;/sw/mf/snowy/data:1\;/sw/mf/snowy/environment:1\;/sw/mf/snowy/libraries:1\;/sw/mf/snowy/parallel:1;' export '__LMOD_REF_COUNT_MODULEPATH;' 'MODULEPATH=/sw/mf/snowy/bioinfo-tools/annotation:/sw/mf/snowy/bioinfo-tools/alignment:/sw/mf/snowy/bioinfo-tools/assembly:/sw/mf/snowy/bioinfo-tools/misc:/sw/mf/snowy/bioinfo-tools/phylogeny:/sw/mf/snowy/bioinfo-tools/pipelines:/sw/mf/snowy/bioinfo-tools/sw_collections:/sw/mf/snowy/applications:/sw/mf/snowy/build-tools:/sw/mf/snowy/compilers:/sw/mf/snowy/data:/sw/mf/snowy/environment:/sw/mf/snowy/libraries:/sw/mf/snowy/parallel;' export 'MODULEPATH;' '__LMOD_REF_COUNT__LMFILES_=/sw/mf/snowy/environment/bioinfo-tools:1;' export '__LMOD_REF_COUNT__LMFILES_;' '_LMFILES_=/sw/mf/snowy/environment/bioinfo-tools;' export '_LMFILES_;' '_ModuleTable001_=X01vZHVsZVRhYmxlXz17WyJNVHZlcnNpb24iXT0zLFsiY19yZWJ1aWxkVGltZSJdPWZhbHNlLFsiY19zaG9ydFRpbWUiXT1mYWxzZSxkZXB0aFQ9e30sZmFtaWx5PXt9LG1UPXtbImJpb2luZm8tdG9vbHMiXT17WyJmbiJdPSIvc3cvbWYvc25vd3kvZW52aXJvbm1lbnQvYmlvaW5mby10b29scyIsWyJmdWxsTmFtZSJdPSJiaW9pbmZvLXRvb2xzIixbImxvYWRPcmRlciJdPTEscHJvcFQ9e30sWyJzdGFja0RlcHRoIl09MCxbInN0YXR1cyJdPSJhY3RpdmUiLFsidXNlck5hbWUiXT0iYmlvaW5mby10b29scyIsfSx9LG1wYXRoQT17Ii9zdy9tZi9zbm93eS9iaW9pbmZvLXRvb2xzL2Fubm90YXRpb24iLCIvc3cvbWYvc25vd3kvYmlvaW5mby10b29scy9hbGlnbm1lbnQiLCIvc3cv;' export '_ModuleTable001_;' '_ModuleTable002_=bWYvc25vd3kvYmlvaW5mby10b29scy9hc3NlbWJseSIsIi9zdy9tZi9zbm93eS9iaW9pbmZvLXRvb2xzL21pc2MiLCIvc3cvbWYvc25vd3kvYmlvaW5mby10b29scy9waHlsb2dlbnkiLCIvc3cvbWYvc25vd3kvYmlvaW5mby10b29scy9waXBlbGluZXMiLCIvc3cvbWYvc25vd3kvYmlvaW5mby10b29scy9zd19jb2xsZWN0aW9ucyIsIi9zdy9tZi9zbm93eS9hcHBsaWNhdGlvbnMiLCIvc3cvbWYvc25vd3kvYnVpbGQtdG9vbHMiLCIvc3cvbWYvc25vd3kvY29tcGlsZXJzIiwiL3N3L21mL3Nub3d5L2RhdGEiLCIvc3cvbWYvc25vd3kvZW52aXJvbm1lbnQiLCIvc3cvbWYvc25vd3kvbGlicmFyaWVzIiwiL3N3L21mL3Nub3d5L3BhcmFsbGVsIix9LFsic3lzdGVtQmFzZU1QQVRI;' export '_ModuleTable002_;' '_ModuleTable003_=Il09Ii9zdy9tZi9zbm93eS9hcHBsaWNhdGlvbnM6L3N3L21mL3Nub3d5L2J1aWxkLXRvb2xzOi9zdy9tZi9zbm93eS9jb21waWxlcnM6L3N3L21mL3Nub3d5L2RhdGE6L3N3L21mL3Nub3d5L2Vudmlyb25tZW50Oi9zdy9tZi9zbm93eS9saWJyYXJpZXM6L3N3L21mL3Nub3d5L3BhcmFsbGVsIix9;' export '_ModuleTable003_;' '_ModuleTable_Sz_=3;' export '_ModuleTable_Sz_;'
++ __LMOD_REF_COUNT_LOADEDMODULES='uppmax:2;bioinfo-tools:1'
++ export __LMOD_REF_COUNT_LOADEDMODULES
++ LOADEDMODULES=uppmax:bioinfo-tools
++ export LOADEDMODULES
++ __LMOD_REF_COUNT_MODULEPATH='/sw/mf/snowy/bioinfo-tools/annotation:1;/sw/mf/snowy/bioinfo-tools/alignment:1;/sw/mf/snowy/bioinfo-tools/assembly:1;/sw/mf/snowy/bioinfo-tools/misc:1;/sw/mf/snowy/bioinfo-tools/phylogeny:1;/sw/mf/snowy/bioinfo-tools/pipelines:1;/sw/mf/snowy/bioinfo-tools/sw_collections:1;/sw/mf/snowy/applications:1;/sw/mf/snowy/build-tools:1;/sw/mf/snowy/compilers:1;/sw/mf/snowy/data:1;/sw/mf/snowy/environment:1;/sw/mf/snowy/libraries:1;/sw/mf/snowy/parallel:1'
++ export __LMOD_REF_COUNT_MODULEPATH
++ MODULEPATH=/sw/mf/snowy/bioinfo-tools/annotation:/sw/mf/snowy/bioinfo-tools/alignment:/sw/mf/snowy/bioinfo-tools/assembly:/sw/mf/snowy/bioinfo-tools/misc:/sw/mf/snowy/bioinfo-tools/phylogeny:/sw/mf/snowy/bioinfo-tools/pipelines:/sw/mf/snowy/bioinfo-tools/sw_collections:/sw/mf/snowy/applications:/sw/mf/snowy/build-tools:/sw/mf/snowy/compilers:/sw/mf/snowy/data:/sw/mf/snowy/environment:/sw/mf/snowy/libraries:/sw/mf/snowy/parallel
++ export MODULEPATH
++ __LMOD_REF_COUNT__LMFILES_=/sw/mf/snowy/environment/bioinfo-tools:1
++ export __LMOD_REF_COUNT__LMFILES_
++ _LMFILES_=/sw/mf/snowy/environment/bioinfo-tools
++ export _LMFILES_
++ _ModuleTable001_=X01vZHVsZVRhYmxlXz17WyJNVHZlcnNpb24iXT0zLFsiY19yZWJ1aWxkVGltZSJdPWZhbHNlLFsiY19zaG9ydFRpbWUiXT1mYWxzZSxkZXB0aFQ9e30sZmFtaWx5PXt9LG1UPXtbImJpb2luZm8tdG9vbHMiXT17WyJmbiJdPSIvc3cvbWYvc25vd3kvZW52aXJvbm1lbnQvYmlvaW5mby10b29scyIsWyJmdWxsTmFtZSJdPSJiaW9pbmZvLXRvb2xzIixbImxvYWRPcmRlciJdPTEscHJvcFQ9e30sWyJzdGFja0RlcHRoIl09MCxbInN0YXR1cyJdPSJhY3RpdmUiLFsidXNlck5hbWUiXT0iYmlvaW5mby10b29scyIsfSx9LG1wYXRoQT17Ii9zdy9tZi9zbm93eS9iaW9pbmZvLXRvb2xzL2Fubm90YXRpb24iLCIvc3cvbWYvc25vd3kvYmlvaW5mby10b29scy9hbGlnbm1lbnQiLCIvc3cv
++ export _ModuleTable001_
++ _ModuleTable002_=bWYvc25vd3kvYmlvaW5mby10b29scy9hc3NlbWJseSIsIi9zdy9tZi9zbm93eS9iaW9pbmZvLXRvb2xzL21pc2MiLCIvc3cvbWYvc25vd3kvYmlvaW5mby10b29scy9waHlsb2dlbnkiLCIvc3cvbWYvc25vd3kvYmlvaW5mby10b29scy9waXBlbGluZXMiLCIvc3cvbWYvc25vd3kvYmlvaW5mby10b29scy9zd19jb2xsZWN0aW9ucyIsIi9zdy9tZi9zbm93eS9hcHBsaWNhdGlvbnMiLCIvc3cvbWYvc25vd3kvYnVpbGQtdG9vbHMiLCIvc3cvbWYvc25vd3kvY29tcGlsZXJzIiwiL3N3L21mL3Nub3d5L2RhdGEiLCIvc3cvbWYvc25vd3kvZW52aXJvbm1lbnQiLCIvc3cvbWYvc25vd3kvbGlicmFyaWVzIiwiL3N3L21mL3Nub3d5L3BhcmFsbGVsIix9LFsic3lzdGVtQmFzZU1QQVRI
++ export _ModuleTable002_
++ _ModuleTable003_=Il09Ii9zdy9tZi9zbm93eS9hcHBsaWNhdGlvbnM6L3N3L21mL3Nub3d5L2J1aWxkLXRvb2xzOi9zdy9tZi9zbm93eS9jb21waWxlcnM6L3N3L21mL3Nub3d5L2RhdGE6L3N3L21mL3Nub3d5L2Vudmlyb25tZW50Oi9zdy9tZi9zbm93eS9saWJyYXJpZXM6L3N3L21mL3Nub3d5L3BhcmFsbGVsIix9
++ export _ModuleTable003_
++ _ModuleTable_Sz_=3
++ export _ModuleTable_Sz_
++ : -s sh
+ eval
+ module load bwa/0.7.17
++ /usr/share/lmod/lmod/libexec/lmod bash load bwa/0.7.17
+ eval '__LMOD_REF_COUNT_LOADEDMODULES=uppmax:2\;bioinfo-tools:1\;bwa/0.7.17:1;' export '__LMOD_REF_COUNT_LOADEDMODULES;' 'LOADEDMODULES=uppmax:bioinfo-tools:bwa/0.7.17;' export 'LOADEDMODULES;' '__LMOD_REF_COUNT_MANPATH=/usr/share/man:2\;/sw/uppmax/man:2\;/opt/thinlinc/share/man:2\;/sw/bioinfo/bwa/0.7.17/snowy/man:1;' export '__LMOD_REF_COUNT_MANPATH;' 'MANPATH=/usr/share/man:/sw/uppmax/man:/opt/thinlinc/share/man:/sw/bioinfo/bwa/0.7.17/snowy/man;' export 'MANPATH;' 'MODULEPATH=/sw/mf/snowy/bioinfo-tools/annotation:/sw/mf/snowy/bioinfo-tools/alignment:/sw/mf/snowy/bioinfo-tools/assembly:/sw/mf/snowy/bioinfo-tools/misc:/sw/mf/snowy/bioinfo-tools/phylogeny:/sw/mf/snowy/bioinfo-tools/pipelines:/sw/mf/snowy/bioinfo-tools/sw_collections:/sw/mf/snowy/applications:/sw/mf/snowy/build-tools:/sw/mf/snowy/compilers:/sw/mf/snowy/data:/sw/mf/snowy/environment:/sw/mf/snowy/libraries:/sw/mf/snowy/parallel;' export 'MODULEPATH;' '__LMOD_REF_COUNT_PATH=/sw/bioinfo/bwa/0.7.17/snowy/bin:1\;/home/leizhao/bin:2\;/usr/lib64/qt-3.3/bin:1\;/usr/local/bin:1\;/usr/bin:1\;/usr/local/sbin:1\;/usr/sbin:1\;/opt/thinlinc/bin:1\;/sw/uppmax/bin:2;' export '__LMOD_REF_COUNT_PATH;' 'PATH=/sw/bioinfo/bwa/0.7.17/snowy/bin:/home/leizhao/bin:/usr/lib64/qt-3.3/bin:/usr/local/bin:/usr/bin:/usr/local/sbin:/usr/sbin:/opt/thinlinc/bin:/sw/uppmax/bin;' export 'PATH;' '__LMOD_REF_COUNT__LMFILES_=/sw/mf/snowy/environment/bioinfo-tools:1\;/sw/mf/snowy/bioinfo-tools/alignment/bwa/0.7.17:1;' export '__LMOD_REF_COUNT__LMFILES_;' '_LMFILES_=/sw/mf/snowy/environment/bioinfo-tools:/sw/mf/snowy/bioinfo-tools/alignment/bwa/0.7.17;' export '_LMFILES_;' '_ModuleTable001_=X01vZHVsZVRhYmxlXz17WyJNVHZlcnNpb24iXT0zLFsiY19yZWJ1aWxkVGltZSJdPWZhbHNlLFsiY19zaG9ydFRpbWUiXT1mYWxzZSxkZXB0aFQ9e30sZmFtaWx5PXt9LG1UPXtbImJpb2luZm8tdG9vbHMiXT17WyJmbiJdPSIvc3cvbWYvc25vd3kvZW52aXJvbm1lbnQvYmlvaW5mby10b29scyIsWyJmdWxsTmFtZSJdPSJiaW9pbmZvLXRvb2xzIixbImxvYWRPcmRlciJdPTEscHJvcFQ9e30sWyJzdGFja0RlcHRoIl09MCxbInN0YXR1cyJdPSJhY3RpdmUiLFsidXNlck5hbWUiXT0iYmlvaW5mby10b29scyIsfSxid2E9e1siZm4iXT0iL3N3L21mL3Nub3d5L2Jpb2luZm8tdG9vbHMvYWxpZ25tZW50L2J3YS8wLjcuMTciLFsiZnVsbE5hbWUiXT0iYndhLzAuNy4xNyIsWyJsb2Fk;' export '_ModuleTable001_;' '_ModuleTable002_=T3JkZXIiXT0yLHByb3BUPXt9LFsic3RhY2tEZXB0aCJdPTAsWyJzdGF0dXMiXT0iYWN0aXZlIixbInVzZXJOYW1lIl09ImJ3YS8wLjcuMTciLH0sfSxtcGF0aEE9eyIvc3cvbWYvc25vd3kvYmlvaW5mby10b29scy9hbm5vdGF0aW9uIiwiL3N3L21mL3Nub3d5L2Jpb2luZm8tdG9vbHMvYWxpZ25tZW50IiwiL3N3L21mL3Nub3d5L2Jpb2luZm8tdG9vbHMvYXNzZW1ibHkiLCIvc3cvbWYvc25vd3kvYmlvaW5mby10b29scy9taXNjIiwiL3N3L21mL3Nub3d5L2Jpb2luZm8tdG9vbHMvcGh5bG9nZW55IiwiL3N3L21mL3Nub3d5L2Jpb2luZm8tdG9vbHMvcGlwZWxpbmVzIiwiL3N3L21mL3Nub3d5L2Jpb2luZm8tdG9vbHMvc3dfY29sbGVjdGlvbnMiLCIvc3cvbWYvc25vd3kvYXBw;' export '_ModuleTable002_;' '_ModuleTable003_=bGljYXRpb25zIiwiL3N3L21mL3Nub3d5L2J1aWxkLXRvb2xzIiwiL3N3L21mL3Nub3d5L2NvbXBpbGVycyIsIi9zdy9tZi9zbm93eS9kYXRhIiwiL3N3L21mL3Nub3d5L2Vudmlyb25tZW50IiwiL3N3L21mL3Nub3d5L2xpYnJhcmllcyIsIi9zdy9tZi9zbm93eS9wYXJhbGxlbCIsfSxbInN5c3RlbUJhc2VNUEFUSCJdPSIvc3cvbWYvc25vd3kvYXBwbGljYXRpb25zOi9zdy9tZi9zbm93eS9idWlsZC10b29sczovc3cvbWYvc25vd3kvY29tcGlsZXJzOi9zdy9tZi9zbm93eS9kYXRhOi9zdy9tZi9zbm93eS9lbnZpcm9ubWVudDovc3cvbWYvc25vd3kvbGlicmFyaWVzOi9zdy9tZi9zbm93eS9wYXJhbGxlbCIsfQ==;' export '_ModuleTable003_;' '_ModuleTable_Sz_=3;' export '_ModuleTable_Sz_;'
++ __LMOD_REF_COUNT_LOADEDMODULES='uppmax:2;bioinfo-tools:1;bwa/0.7.17:1'
++ export __LMOD_REF_COUNT_LOADEDMODULES
++ LOADEDMODULES=uppmax:bioinfo-tools:bwa/0.7.17
++ export LOADEDMODULES
++ __LMOD_REF_COUNT_MANPATH='/usr/share/man:2;/sw/uppmax/man:2;/opt/thinlinc/share/man:2;/sw/bioinfo/bwa/0.7.17/snowy/man:1'
++ export __LMOD_REF_COUNT_MANPATH
++ MANPATH=/usr/share/man:/sw/uppmax/man:/opt/thinlinc/share/man:/sw/bioinfo/bwa/0.7.17/snowy/man
++ export MANPATH
++ MODULEPATH=/sw/mf/snowy/bioinfo-tools/annotation:/sw/mf/snowy/bioinfo-tools/alignment:/sw/mf/snowy/bioinfo-tools/assembly:/sw/mf/snowy/bioinfo-tools/misc:/sw/mf/snowy/bioinfo-tools/phylogeny:/sw/mf/snowy/bioinfo-tools/pipelines:/sw/mf/snowy/bioinfo-tools/sw_collections:/sw/mf/snowy/applications:/sw/mf/snowy/build-tools:/sw/mf/snowy/compilers:/sw/mf/snowy/data:/sw/mf/snowy/environment:/sw/mf/snowy/libraries:/sw/mf/snowy/parallel
++ export MODULEPATH
++ __LMOD_REF_COUNT_PATH='/sw/bioinfo/bwa/0.7.17/snowy/bin:1;/home/leizhao/bin:2;/usr/lib64/qt-3.3/bin:1;/usr/local/bin:1;/usr/bin:1;/usr/local/sbin:1;/usr/sbin:1;/opt/thinlinc/bin:1;/sw/uppmax/bin:2'
++ export __LMOD_REF_COUNT_PATH
++ PATH=/sw/bioinfo/bwa/0.7.17/snowy/bin:/home/leizhao/bin:/usr/lib64/qt-3.3/bin:/usr/local/bin:/usr/bin:/usr/local/sbin:/usr/sbin:/opt/thinlinc/bin:/sw/uppmax/bin
++ export PATH
++ __LMOD_REF_COUNT__LMFILES_='/sw/mf/snowy/environment/bioinfo-tools:1;/sw/mf/snowy/bioinfo-tools/alignment/bwa/0.7.17:1'
++ export __LMOD_REF_COUNT__LMFILES_
++ _LMFILES_=/sw/mf/snowy/environment/bioinfo-tools:/sw/mf/snowy/bioinfo-tools/alignment/bwa/0.7.17
++ export _LMFILES_
++ _ModuleTable001_=X01vZHVsZVRhYmxlXz17WyJNVHZlcnNpb24iXT0zLFsiY19yZWJ1aWxkVGltZSJdPWZhbHNlLFsiY19zaG9ydFRpbWUiXT1mYWxzZSxkZXB0aFQ9e30sZmFtaWx5PXt9LG1UPXtbImJpb2luZm8tdG9vbHMiXT17WyJmbiJdPSIvc3cvbWYvc25vd3kvZW52aXJvbm1lbnQvYmlvaW5mby10b29scyIsWyJmdWxsTmFtZSJdPSJiaW9pbmZvLXRvb2xzIixbImxvYWRPcmRlciJdPTEscHJvcFQ9e30sWyJzdGFja0RlcHRoIl09MCxbInN0YXR1cyJdPSJhY3RpdmUiLFsidXNlck5hbWUiXT0iYmlvaW5mby10b29scyIsfSxid2E9e1siZm4iXT0iL3N3L21mL3Nub3d5L2Jpb2luZm8tdG9vbHMvYWxpZ25tZW50L2J3YS8wLjcuMTciLFsiZnVsbE5hbWUiXT0iYndhLzAuNy4xNyIsWyJsb2Fk
++ export _ModuleTable001_
++ _ModuleTable002_=T3JkZXIiXT0yLHByb3BUPXt9LFsic3RhY2tEZXB0aCJdPTAsWyJzdGF0dXMiXT0iYWN0aXZlIixbInVzZXJOYW1lIl09ImJ3YS8wLjcuMTciLH0sfSxtcGF0aEE9eyIvc3cvbWYvc25vd3kvYmlvaW5mby10b29scy9hbm5vdGF0aW9uIiwiL3N3L21mL3Nub3d5L2Jpb2luZm8tdG9vbHMvYWxpZ25tZW50IiwiL3N3L21mL3Nub3d5L2Jpb2luZm8tdG9vbHMvYXNzZW1ibHkiLCIvc3cvbWYvc25vd3kvYmlvaW5mby10b29scy9taXNjIiwiL3N3L21mL3Nub3d5L2Jpb2luZm8tdG9vbHMvcGh5bG9nZW55IiwiL3N3L21mL3Nub3d5L2Jpb2luZm8tdG9vbHMvcGlwZWxpbmVzIiwiL3N3L21mL3Nub3d5L2Jpb2luZm8tdG9vbHMvc3dfY29sbGVjdGlvbnMiLCIvc3cvbWYvc25vd3kvYXBw
++ export _ModuleTable002_
++ _ModuleTable003_=bGljYXRpb25zIiwiL3N3L21mL3Nub3d5L2J1aWxkLXRvb2xzIiwiL3N3L21mL3Nub3d5L2NvbXBpbGVycyIsIi9zdy9tZi9zbm93eS9kYXRhIiwiL3N3L21mL3Nub3d5L2Vudmlyb25tZW50IiwiL3N3L21mL3Nub3d5L2xpYnJhcmllcyIsIi9zdy9tZi9zbm93eS9wYXJhbGxlbCIsfSxbInN5c3RlbUJhc2VNUEFUSCJdPSIvc3cvbWYvc25vd3kvYXBwbGljYXRpb25zOi9zdy9tZi9zbm93eS9idWlsZC10b29sczovc3cvbWYvc25vd3kvY29tcGlsZXJzOi9zdy9tZi9zbm93eS9kYXRhOi9zdy9tZi9zbm93eS9lbnZpcm9ubWVudDovc3cvbWYvc25vd3kvbGlicmFyaWVzOi9zdy9tZi9zbm93eS9wYXJhbGxlbCIsfQ==
++ export _ModuleTable003_
++ _ModuleTable_Sz_=3
++ export _ModuleTable_Sz_
++ : -s sh
+ eval
+ bwa index /home/leizhao/Genome_Analysis/results/02_Canu/Canu_assembly_scaffold_06.contigs.fasta
[bwa_index] Pack FASTA... 0.30 sec
[bwa_index] Construct BWT for the packed sequence...
[BWTIncCreate] textLength=73674246, availableWord=17183824
[BWTIncConstructFromPacked] 10 iterations done. 28344822 characters processed.
[BWTIncConstructFromPacked] 20 iterations done. 52362998 characters processed.
[BWTIncConstructFromPacked] 30 iterations done. 73674246 characters processed.
[bwt_gen] Finished constructing BWT in 30 iterations.
[bwa_index] 21.03 seconds elapse.
[bwa_index] Update BWT... 0.22 sec
[bwa_index] Pack forward-only FASTA... 0.19 sec
[bwa_index] Construct SA from BWT and Occ... 8.08 sec
[main] Version: 0.7.17-r1188
[main] CMD: bwa index /home/leizhao/Genome_Analysis/results/02_Canu/Canu_assembly_scaffold_06.contigs.fasta
[main] Real time: 30.680 sec; CPU: 29.827 sec
+ bwa mem -t 2 /home/leizhao/Genome_Analysis/results/02_Canu/Canu_assembly_scaffold_06.contigs.fasta /home/leizhao/Genome_Analysis/data/raw_data/illumina_data/SRR6058604_scaffold_06.1P.fastq.gz /home/leizhao/Genome_Analysis/data/raw_data/illumina_data/SRR6058604_scaffold_06.2P.fastq.gz
[M::bwa_idx_load_from_disk] read 0 ALT contigs
[M::process] read 135128 sequences (20000093 bp)...
[M::process] read 135146 sequences (20000268 bp)...
[M::mem_pestat] # candidate unique pairs for (FF, FR, RF, RR): (1, 40409, 5, 4)
[M::mem_pestat] skip orientation FF as there are not enough pairs
[M::mem_pestat] analyzing insert size distribution for orientation FR...
[M::mem_pestat] (25, 50, 75) percentile: (225, 273, 326)
[M::mem_pestat] low and high boundaries for computing mean and std.dev: (23, 528)
[M::mem_pestat] mean and std.dev: (276.34, 76.21)
[M::mem_pestat] low and high boundaries for proper pairs: (1, 629)
[M::mem_pestat] skip orientation RF as there are not enough pairs
[M::mem_pestat] skip orientation RR as there are not enough pairs
[M::mem_process_seqs] Processed 135128 reads in 36.184 CPU sec, 18.193 real sec
[M::process] read 135052 sequences (20000013 bp)...
[M::mem_pestat] # candidate unique pairs for (FF, FR, RF, RR): (1, 40424, 17, 4)
[M::mem_pestat] skip orientation FF as there are not enough pairs
[M::mem_pestat] analyzing insert size distribution for orientation FR...
[M::mem_pestat] (25, 50, 75) percentile: (224, 273, 326)
[M::mem_pestat] low and high boundaries for computing mean and std.dev: (20, 530)
[M::mem_pestat] mean and std.dev: (276.78, 76.71)
[M::mem_pestat] low and high boundaries for proper pairs: (1, 632)
[M::mem_pestat] analyzing insert size distribution for orientation RF...
[M::mem_pestat] (25, 50, 75) percentile: (1017, 5232, 5771)
[M::mem_pestat] low and high boundaries for computing mean and std.dev: (1, 15279)
[M::mem_pestat] mean and std.dev: (4037.53, 2683.09)
[M::mem_pestat] low and high boundaries for proper pairs: (1, 20033)
[M::mem_pestat] skip orientation RR as there are not enough pairs
[M::mem_pestat] skip orientation RF
[M::mem_process_seqs] Processed 135146 reads in 36.284 CPU sec, 18.157 real sec
[M::process] read 135046 sequences (20000139 bp)...
[M::mem_pestat] # candidate unique pairs for (FF, FR, RF, RR): (2, 40331, 9, 5)
[M::mem_pestat] skip orientation FF as there are not enough pairs
[M::mem_pestat] analyzing insert size distribution for orientation FR...
[M::mem_pestat] (25, 50, 75) percentile: (224, 274, 326)
[M::mem_pestat] low and high boundaries for computing mean and std.dev: (20, 530)
[M::mem_pestat] mean and std.dev: (276.74, 77.18)
[M::mem_pestat] low and high boundaries for proper pairs: (1, 632)
[M::mem_pestat] skip orientation RF as there are not enough pairs
[M::mem_pestat] skip orientation RR as there are not enough pairs
[M::mem_process_seqs] Processed 135052 reads in 37.027 CPU sec, 18.528 real sec
[M::process] read 135196 sequences (20000102 bp)...
[M::mem_pestat] # candidate unique pairs for (FF, FR, RF, RR): (6, 40509, 14, 1)
[M::mem_pestat] skip orientation FF as there are not enough pairs
[M::mem_pestat] analyzing insert size distribution for orientation FR...
[M::mem_pestat] (25, 50, 75) percentile: (224, 273, 325)
[M::mem_pestat] low and high boundaries for computing mean and std.dev: (22, 527)
[M::mem_pestat] mean and std.dev: (276.18, 76.20)
[M::mem_pestat] low and high boundaries for proper pairs: (1, 628)
[M::mem_pestat] analyzing insert size distribution for orientation RF...
[M::mem_pestat] (25, 50, 75) percentile: (651, 5041, 6245)
[M::mem_pestat] low and high boundaries for computing mean and std.dev: (1, 17433)
[M::mem_pestat] mean and std.dev: (4040.64, 2983.99)
[M::mem_pestat] low and high boundaries for proper pairs: (1, 23027)
[M::mem_pestat] skip orientation RR as there are not enough pairs
[M::mem_pestat] skip orientation RF
[M::mem_process_seqs] Processed 135046 reads in 36.507 CPU sec, 18.267 real sec
[M::process] read 135052 sequences (20000284 bp)...
[M::mem_pestat] # candidate unique pairs for (FF, FR, RF, RR): (4, 40331, 11, 1)
[M::mem_pestat] skip orientation FF as there are not enough pairs
[M::mem_pestat] analyzing insert size distribution for orientation FR...
[M::mem_pestat] (25, 50, 75) percentile: (223, 272, 325)
[M::mem_pestat] low and high boundaries for computing mean and std.dev: (19, 529)
[M::mem_pestat] mean and std.dev: (275.62, 76.16)
[M::mem_pestat] low and high boundaries for proper pairs: (1, 631)
[M::mem_pestat] analyzing insert size distribution for orientation RF...
[M::mem_pestat] (25, 50, 75) percentile: (731, 1694, 4843)
[M::mem_pestat] low and high boundaries for computing mean and std.dev: (1, 13067)
[M::mem_pestat] mean and std.dev: (2808.82, 2844.59)
[M::mem_pestat] low and high boundaries for proper pairs: (1, 17179)
[M::mem_pestat] skip orientation RR as there are not enough pairs
[M::mem_pestat] skip orientation RF
[M::mem_process_seqs] Processed 135196 reads in 37.117 CPU sec, 18.572 real sec
[M::process] read 135088 sequences (20000173 bp)...
[M::mem_pestat] # candidate unique pairs for (FF, FR, RF, RR): (3, 40364, 5, 4)
[M::mem_pestat] skip orientation FF as there are not enough pairs
[M::mem_pestat] analyzing insert size distribution for orientation FR...
[M::mem_pestat] (25, 50, 75) percentile: (225, 273, 325)
[M::mem_pestat] low and high boundaries for computing mean and std.dev: (25, 525)
[M::mem_pestat] mean and std.dev: (276.53, 75.41)
[M::mem_pestat] low and high boundaries for proper pairs: (1, 625)
[M::mem_pestat] skip orientation RF as there are not enough pairs
[M::mem_pestat] skip orientation RR as there are not enough pairs
[M::mem_process_seqs] Processed 135052 reads in 36.386 CPU sec, 18.218 real sec
[M::process] read 135124 sequences (20000181 bp)...
[M::mem_pestat] # candidate unique pairs for (FF, FR, RF, RR): (6, 40358, 16, 3)
[M::mem_pestat] skip orientation FF as there are not enough pairs
[M::mem_pestat] analyzing insert size distribution for orientation FR...
[M::mem_pestat] (25, 50, 75) percentile: (224, 273, 325)
[M::mem_pestat] low and high boundaries for computing mean and std.dev: (22, 527)
[M::mem_pestat] mean and std.dev: (276.25, 76.57)
[M::mem_pestat] low and high boundaries for proper pairs: (1, 628)
[M::mem_pestat] analyzing insert size distribution for orientation RF...
[M::mem_pestat] (25, 50, 75) percentile: (1100, 7120, 7225)
[M::mem_pestat] low and high boundaries for computing mean and std.dev: (1, 19475)
[M::mem_pestat] mean and std.dev: (4551.50, 3197.88)
[M::mem_pestat] low and high boundaries for proper pairs: (1, 25600)
[M::mem_pestat] skip orientation RR as there are not enough pairs
[M::mem_pestat] skip orientation RF
[M::mem_process_seqs] Processed 135088 reads in 36.290 CPU sec, 18.161 real sec
[M::process] read 135174 sequences (20000181 bp)...
[M::mem_pestat] # candidate unique pairs for (FF, FR, RF, RR): (0, 40395, 20, 5)
[M::mem_pestat] skip orientation FF as there are not enough pairs
[M::mem_pestat] analyzing insert size distribution for orientation FR...
[M::mem_pestat] (25, 50, 75) percentile: (224, 272, 324)
[M::mem_pestat] low and high boundaries for computing mean and std.dev: (24, 524)
[M::mem_pestat] mean and std.dev: (275.91, 76.28)
[M::mem_pestat] low and high boundaries for proper pairs: (1, 624)
[M::mem_pestat] analyzing insert size distribution for orientation RF...
[M::mem_pestat] (25, 50, 75) percentile: (2999, 5058, 7051)
[M::mem_pestat] low and high boundaries for computing mean and std.dev: (1, 15155)
[M::mem_pestat] mean and std.dev: (4439.50, 2861.62)
[M::mem_pestat] low and high boundaries for proper pairs: (1, 19207)
[M::mem_pestat] skip orientation RR as there are not enough pairs
[M::mem_pestat] skip orientation RF
[M::mem_process_seqs] Processed 135124 reads in 36.288 CPU sec, 18.157 real sec
[M::process] read 135104 sequences (20000280 bp)...
[M::mem_pestat] # candidate unique pairs for (FF, FR, RF, RR): (3, 40225, 12, 2)
[M::mem_pestat] skip orientation FF as there are not enough pairs
[M::mem_pestat] analyzing insert size distribution for orientation FR...
[M::mem_pestat] (25, 50, 75) percentile: (224, 273, 325)
[M::mem_pestat] low and high boundaries for computing mean and std.dev: (22, 527)
[M::mem_pestat] mean and std.dev: (276.08, 76.43)
[M::mem_pestat] low and high boundaries for proper pairs: (1, 628)
[M::mem_pestat] analyzing insert size distribution for orientation RF...
[M::mem_pestat] (25, 50, 75) percentile: (313, 4646, 5778)
[M::mem_pestat] low and high boundaries for computing mean and std.dev: (1, 16708)
[M::mem_pestat] mean and std.dev: (3404.25, 3150.00)
[M::mem_pestat] low and high boundaries for proper pairs: (1, 22173)
[M::mem_pestat] skip orientation RR as there are not enough pairs
[M::mem_pestat] skip orientation RF
[M::mem_process_seqs] Processed 135174 reads in 36.465 CPU sec, 18.246 real sec
[M::process] read 135170 sequences (20000214 bp)...
[M::mem_pestat] # candidate unique pairs for (FF, FR, RF, RR): (2, 40519, 15, 3)
[M::mem_pestat] skip orientation FF as there are not enough pairs
[M::mem_pestat] analyzing insert size distribution for orientation FR...
[M::mem_pestat] (25, 50, 75) percentile: (223, 272, 324)
[M::mem_pestat] low and high boundaries for computing mean and std.dev: (21, 526)
[M::mem_pestat] mean and std.dev: (275.61, 76.71)
[M::mem_pestat] low and high boundaries for proper pairs: (1, 627)
[M::mem_pestat] analyzing insert size distribution for orientation RF...
[M::mem_pestat] (25, 50, 75) percentile: (473, 4987, 7611)
[M::mem_pestat] low and high boundaries for computing mean and std.dev: (1, 21887)
[M::mem_pestat] mean and std.dev: (4096.80, 3021.49)
[M::mem_pestat] low and high boundaries for proper pairs: (1, 29025)
[M::mem_pestat] skip orientation RR as there are not enough pairs
[M::mem_pestat] skip orientation RF
[M::mem_process_seqs] Processed 135104 reads in 36.492 CPU sec, 18.266 real sec
[M::process] read 135102 sequences (20000232 bp)...
[M::mem_pestat] # candidate unique pairs for (FF, FR, RF, RR): (4, 40381, 13, 0)
[M::mem_pestat] skip orientation FF as there are not enough pairs
[M::mem_pestat] analyzing insert size distribution for orientation FR...
[M::mem_pestat] (25, 50, 75) percentile: (224, 274, 326)
[M::mem_pestat] low and high boundaries for computing mean and std.dev: (20, 530)
[M::mem_pestat] mean and std.dev: (276.88, 76.61)
[M::mem_pestat] low and high boundaries for proper pairs: (1, 632)
[M::mem_pestat] analyzing insert size distribution for orientation RF...
[M::mem_pestat] (25, 50, 75) percentile: (434, 5047, 6683)
[M::mem_pestat] low and high boundaries for computing mean and std.dev: (1, 19181)
[M::mem_pestat] mean and std.dev: (4065.69, 3194.55)
[M::mem_pestat] low and high boundaries for proper pairs: (1, 25430)
[M::mem_pestat] skip orientation RR as there are not enough pairs
[M::mem_pestat] skip orientation RF
[M::mem_process_seqs] Processed 135170 reads in 36.408 CPU sec, 18.219 real sec
[M::process] read 135226 sequences (20000284 bp)...
[M::mem_pestat] # candidate unique pairs for (FF, FR, RF, RR): (2, 39896, 18, 2)
[M::mem_pestat] skip orientation FF as there are not enough pairs
[M::mem_pestat] analyzing insert size distribution for orientation FR...
[M::mem_pestat] (25, 50, 75) percentile: (224, 272, 325)
[M::mem_pestat] low and high boundaries for computing mean and std.dev: (22, 527)
[M::mem_pestat] mean and std.dev: (276.18, 77.20)
[M::mem_pestat] low and high boundaries for proper pairs: (1, 628)
[M::mem_pestat] analyzing insert size distribution for orientation RF...
[M::mem_pestat] (25, 50, 75) percentile: (593, 2785, 5164)
[M::mem_pestat] low and high boundaries for computing mean and std.dev: (1, 14306)
[M::mem_pestat] mean and std.dev: (3120.78, 2960.97)
[M::mem_pestat] low and high boundaries for proper pairs: (1, 18877)
[M::mem_pestat] skip orientation RR as there are not enough pairs
[M::mem_pestat] skip orientation RF
[M::mem_process_seqs] Processed 135102 reads in 37.091 CPU sec, 18.561 real sec
[M::process] read 135108 sequences (20000005 bp)...
[M::mem_pestat] # candidate unique pairs for (FF, FR, RF, RR): (0, 40584, 16, 2)
[M::mem_pestat] skip orientation FF as there are not enough pairs
[M::mem_pestat] analyzing insert size distribution for orientation FR...
[M::mem_pestat] (25, 50, 75) percentile: (225, 273, 326)
[M::mem_pestat] low and high boundaries for computing mean and std.dev: (23, 528)
[M::mem_pestat] mean and std.dev: (277.13, 76.69)
[M::mem_pestat] low and high boundaries for proper pairs: (1, 629)
[M::mem_pestat] analyzing insert size distribution for orientation RF...
[M::mem_pestat] (25, 50, 75) percentile: (195, 5080, 9092)
[M::mem_pestat] low and high boundaries for computing mean and std.dev: (1, 26886)
[M::mem_pestat] mean and std.dev: (4453.44, 4058.69)
[M::mem_pestat] low and high boundaries for proper pairs: (1, 35783)
[M::mem_pestat] skip orientation RR as there are not enough pairs
[M::mem_pestat] skip orientation RF
[M::mem_process_seqs] Processed 135226 reads in 36.631 CPU sec, 18.330 real sec
[M::process] read 135174 sequences (20000001 bp)...
[M::mem_pestat] # candidate unique pairs for (FF, FR, RF, RR): (1, 40310, 15, 3)
[M::mem_pestat] skip orientation FF as there are not enough pairs
[M::mem_pestat] analyzing insert size distribution for orientation FR...
[M::mem_pestat] (25, 50, 75) percentile: (225, 273, 326)
[M::mem_pestat] low and high boundaries for computing mean and std.dev: (23, 528)
[M::mem_pestat] mean and std.dev: (276.85, 75.90)
[M::mem_pestat] low and high boundaries for proper pairs: (1, 629)
[M::mem_pestat] analyzing insert size distribution for orientation RF...
[M::mem_pestat] (25, 50, 75) percentile: (2248, 3971, 5337)
[M::mem_pestat] low and high boundaries for computing mean and std.dev: (1, 11515)
[M::mem_pestat] mean and std.dev: (3619.53, 2247.78)
[M::mem_pestat] low and high boundaries for proper pairs: (1, 14604)
[M::mem_pestat] skip orientation RR as there are not enough pairs
[M::mem_pestat] skip orientation RF
[M::mem_process_seqs] Processed 135108 reads in 36.495 CPU sec, 18.263 real sec
[M::process] read 135188 sequences (20000104 bp)...
[M::mem_pestat] # candidate unique pairs for (FF, FR, RF, RR): (4, 40428, 16, 2)
[M::mem_pestat] skip orientation FF as there are not enough pairs
[M::mem_pestat] analyzing insert size distribution for orientation FR...
[M::mem_pestat] (25, 50, 75) percentile: (224, 272, 324)
[M::mem_pestat] low and high boundaries for computing mean and std.dev: (24, 524)
[M::mem_pestat] mean and std.dev: (276.09, 75.84)
[M::mem_pestat] low and high boundaries for proper pairs: (1, 624)
[M::mem_pestat] analyzing insert size distribution for orientation RF...
[M::mem_pestat] (25, 50, 75) percentile: (955, 5018, 5149)
[M::mem_pestat] low and high boundaries for computing mean and std.dev: (1, 13537)
[M::mem_pestat] mean and std.dev: (3625.31, 2674.54)
[M::mem_pestat] low and high boundaries for proper pairs: (1, 17731)
[M::mem_pestat] skip orientation RR as there are not enough pairs
[M::mem_pestat] skip orientation RF
[M::mem_process_seqs] Processed 135174 reads in 36.475 CPU sec, 18.252 real sec
[M::process] read 135098 sequences (20000225 bp)...
[M::mem_pestat] # candidate unique pairs for (FF, FR, RF, RR): (3, 40398, 9, 5)
[M::mem_pestat] skip orientation FF as there are not enough pairs
[M::mem_pestat] analyzing insert size distribution for orientation FR...
[M::mem_pestat] (25, 50, 75) percentile: (224, 272, 326)
[M::mem_pestat] low and high boundaries for computing mean and std.dev: (20, 530)
[M::mem_pestat] mean and std.dev: (276.52, 77.04)
[M::mem_pestat] low and high boundaries for proper pairs: (1, 632)
[M::mem_pestat] skip orientation RF as there are not enough pairs
[M::mem_pestat] skip orientation RR as there are not enough pairs
[M::mem_process_seqs] Processed 135188 reads in 36.713 CPU sec, 18.371 real sec
[M::process] read 135150 sequences (20000218 bp)...
[M::mem_pestat] # candidate unique pairs for (FF, FR, RF, RR): (4, 40250, 10, 2)
[M::mem_pestat] skip orientation FF as there are not enough pairs
[M::mem_pestat] analyzing insert size distribution for orientation FR...
[M::mem_pestat] (25, 50, 75) percentile: (226, 274, 326)
[M::mem_pestat] low and high boundaries for computing mean and std.dev: (26, 526)
[M::mem_pestat] mean and std.dev: (277.72, 75.88)
[M::mem_pestat] low and high boundaries for proper pairs: (1, 626)
[M::mem_pestat] analyzing insert size distribution for orientation RF...
[M::mem_pestat] (25, 50, 75) percentile: (969, 4904, 5837)
[M::mem_pestat] low and high boundaries for computing mean and std.dev: (1, 15573)
[M::mem_pestat] mean and std.dev: (3793.80, 2528.40)
[M::mem_pestat] low and high boundaries for proper pairs: (1, 20441)
[M::mem_pestat] skip orientation RR as there are not enough pairs
[M::mem_pestat] skip orientation RF
[M::mem_process_seqs] Processed 135098 reads in 36.575 CPU sec, 18.301 real sec
[M::process] read 135166 sequences (20000111 bp)...
[M::mem_pestat] # candidate unique pairs for (FF, FR, RF, RR): (1, 40409, 22, 3)
[M::mem_pestat] skip orientation FF as there are not enough pairs
[M::mem_pestat] analyzing insert size distribution for orientation FR...
[M::mem_pestat] (25, 50, 75) percentile: (224, 273, 325)
[M::mem_pestat] low and high boundaries for computing mean and std.dev: (22, 527)
[M::mem_pestat] mean and std.dev: (276.29, 76.24)
[M::mem_pestat] low and high boundaries for proper pairs: (1, 628)
[M::mem_pestat] analyzing insert size distribution for orientation RF...
[M::mem_pestat] (25, 50, 75) percentile: (955, 4344, 6676)
[M::mem_pestat] low and high boundaries for computing mean and std.dev: (1, 18118)
[M::mem_pestat] mean and std.dev: (4158.55, 2840.90)
[M::mem_pestat] low and high boundaries for proper pairs: (1, 23839)
[M::mem_pestat] skip orientation RR as there are not enough pairs
[M::mem_pestat] skip orientation RF
[M::mem_process_seqs] Processed 135150 reads in 36.712 CPU sec, 18.371 real sec
[M::process] read 135202 sequences (20000102 bp)...
[M::mem_pestat] # candidate unique pairs for (FF, FR, RF, RR): (2, 40249, 24, 1)
[M::mem_pestat] skip orientation FF as there are not enough pairs
[M::mem_pestat] analyzing insert size distribution for orientation FR...
[M::mem_pestat] (25, 50, 75) percentile: (225, 273, 325)
[M::mem_pestat] low and high boundaries for computing mean and std.dev: (25, 525)
[M::mem_pestat] mean and std.dev: (276.81, 75.05)
[M::mem_pestat] low and high boundaries for proper pairs: (1, 625)
[M::mem_pestat] analyzing insert size distribution for orientation RF...
[M::mem_pestat] (25, 50, 75) percentile: (952, 5078, 6672)
[M::mem_pestat] low and high boundaries for computing mean and std.dev: (1, 18112)
[M::mem_pestat] mean and std.dev: (4224.42, 2757.55)
[M::mem_pestat] low and high boundaries for proper pairs: (1, 23832)
[M::mem_pestat] skip orientation RR as there are not enough pairs
[M::mem_pestat] skip orientation RF
[M::mem_process_seqs] Processed 135166 reads in 36.734 CPU sec, 18.380 real sec
[M::process] read 135158 sequences (20000069 bp)...
[M::mem_pestat] # candidate unique pairs for (FF, FR, RF, RR): (2, 40433, 15, 1)
[M::mem_pestat] skip orientation FF as there are not enough pairs
[M::mem_pestat] analyzing insert size distribution for orientation FR...
[M::mem_pestat] (25, 50, 75) percentile: (225, 273, 325)
[M::mem_pestat] low and high boundaries for computing mean and std.dev: (25, 525)
[M::mem_pestat] mean and std.dev: (276.76, 75.61)
[M::mem_pestat] low and high boundaries for proper pairs: (1, 625)
[M::mem_pestat] analyzing insert size distribution for orientation RF...
[M::mem_pestat] (25, 50, 75) percentile: (883, 5735, 6489)
[M::mem_pestat] low and high boundaries for computing mean and std.dev: (1, 17701)
[M::mem_pestat] mean and std.dev: (4333.53, 3065.36)
[M::mem_pestat] low and high boundaries for proper pairs: (1, 23307)
[M::mem_pestat] skip orientation RR as there are not enough pairs
[M::mem_pestat] skip orientation RF
[M::mem_process_seqs] Processed 135202 reads in 36.718 CPU sec, 18.374 real sec
[M::process] read 135080 sequences (20000224 bp)...
[M::mem_pestat] # candidate unique pairs for (FF, FR, RF, RR): (4, 40275, 9, 1)
[M::mem_pestat] skip orientation FF as there are not enough pairs
[M::mem_pestat] analyzing insert size distribution for orientation FR...
[M::mem_pestat] (25, 50, 75) percentile: (225, 273, 326)
[M::mem_pestat] low and high boundaries for computing mean and std.dev: (23, 528)
[M::mem_pestat] mean and std.dev: (277.21, 76.97)
[M::mem_pestat] low and high boundaries for proper pairs: (1, 629)
[M::mem_pestat] skip orientation RF as there are not enough pairs
[M::mem_pestat] skip orientation RR as there are not enough pairs
[M::mem_process_seqs] Processed 135158 reads in 36.638 CPU sec, 18.332 real sec
[M::process] read 135064 sequences (20000219 bp)...
[M::mem_pestat] # candidate unique pairs for (FF, FR, RF, RR): (1, 40257, 11, 0)
[M::mem_pestat] skip orientation FF as there are not enough pairs
[M::mem_pestat] analyzing insert size distribution for orientation FR...
[M::mem_pestat] (25, 50, 75) percentile: (225, 273, 325)
[M::mem_pestat] low and high boundaries for computing mean and std.dev: (25, 525)
[M::mem_pestat] mean and std.dev: (276.54, 75.82)
[M::mem_pestat] low and high boundaries for proper pairs: (1, 625)
[M::mem_pestat] analyzing insert size distribution for orientation RF...
[M::mem_pestat] (25, 50, 75) percentile: (135, 1017, 6490)
[M::mem_pestat] low and high boundaries for computing mean and std.dev: (1, 19200)
[M::mem_pestat] mean and std.dev: (2898.18, 3427.95)
[M::mem_pestat] low and high boundaries for proper pairs: (1, 25555)
[M::mem_pestat] skip orientation RR as there are not enough pairs
[M::mem_pestat] skip orientation RF
[M::mem_process_seqs] Processed 135080 reads in 36.574 CPU sec, 18.303 real sec
[M::process] read 135082 sequences (20000143 bp)...
[M::mem_pestat] # candidate unique pairs for (FF, FR, RF, RR): (2, 40465, 10, 4)
[M::mem_pestat] skip orientation FF as there are not enough pairs
[M::mem_pestat] analyzing insert size distribution for orientation FR...
[M::mem_pestat] (25, 50, 75) percentile: (225, 274, 326)
[M::mem_pestat] low and high boundaries for computing mean and std.dev: (23, 528)
[M::mem_pestat] mean and std.dev: (276.92, 76.44)
[M::mem_pestat] low and high boundaries for proper pairs: (1, 629)
[M::mem_pestat] analyzing insert size distribution for orientation RF...
[M::mem_pestat] (25, 50, 75) percentile: (462, 7949, 8068)
[M::mem_pestat] low and high boundaries for computing mean and std.dev: (1, 23280)
[M::mem_pestat] mean and std.dev: (5493.80, 3612.53)
[M::mem_pestat] low and high boundaries for proper pairs: (1, 30886)
[M::mem_pestat] skip orientation RR as there are not enough pairs
[M::mem_pestat] skip orientation RF
[M::mem_process_seqs] Processed 135064 reads in 36.961 CPU sec, 18.495 real sec
[M::process] read 135052 sequences (20000176 bp)...
[M::mem_pestat] # candidate unique pairs for (FF, FR, RF, RR): (0, 40346, 11, 4)
[M::mem_pestat] skip orientation FF as there are not enough pairs
[M::mem_pestat] analyzing insert size distribution for orientation FR...
[M::mem_pestat] (25, 50, 75) percentile: (225, 274, 327)
[M::mem_pestat] low and high boundaries for computing mean and std.dev: (21, 531)
[M::mem_pestat] mean and std.dev: (277.28, 76.91)
[M::mem_pestat] low and high boundaries for proper pairs: (1, 633)
[M::mem_pestat] analyzing insert size distribution for orientation RF...
[M::mem_pestat] (25, 50, 75) percentile: (480, 2003, 5077)
[M::mem_pestat] low and high boundaries for computing mean and std.dev: (1, 14271)
[M::mem_pestat] mean and std.dev: (3090.00, 2663.72)
[M::mem_pestat] low and high boundaries for proper pairs: (1, 18868)
[M::mem_pestat] skip orientation RR as there are not enough pairs
[M::mem_pestat] skip orientation RF
[M::mem_process_seqs] Processed 135082 reads in 36.935 CPU sec, 18.481 real sec
[M::process] read 135126 sequences (20000135 bp)...
[M::mem_pestat] # candidate unique pairs for (FF, FR, RF, RR): (3, 40221, 14, 4)
[M::mem_pestat] skip orientation FF as there are not enough pairs
[M::mem_pestat] analyzing insert size distribution for orientation FR...
[M::mem_pestat] (25, 50, 75) percentile: (225, 273, 326)
[M::mem_pestat] low and high boundaries for computing mean and std.dev: (23, 528)
[M::mem_pestat] mean and std.dev: (276.74, 76.55)
[M::mem_pestat] low and high boundaries for proper pairs: (1, 629)
[M::mem_pestat] analyzing insert size distribution for orientation RF...
[M::mem_pestat] (25, 50, 75) percentile: (528, 4910, 6260)
[M::mem_pestat] low and high boundaries for computing mean and std.dev: (1, 17724)
[M::mem_pestat] mean and std.dev: (3847.71, 3271.42)
[M::mem_pestat] low and high boundaries for proper pairs: (1, 23456)
[M::mem_pestat] skip orientation RR as there are not enough pairs
[M::mem_pestat] skip orientation RF
[M::mem_process_seqs] Processed 135052 reads in 36.882 CPU sec, 18.457 real sec
[M::process] read 134984 sequences (20000023 bp)...
[M::mem_pestat] # candidate unique pairs for (FF, FR, RF, RR): (1, 40365, 16, 3)
[M::mem_pestat] skip orientation FF as there are not enough pairs
[M::mem_pestat] analyzing insert size distribution for orientation FR...
[M::mem_pestat] (25, 50, 75) percentile: (226, 274, 327)
[M::mem_pestat] low and high boundaries for computing mean and std.dev: (24, 529)
[M::mem_pestat] mean and std.dev: (277.90, 76.55)
[M::mem_pestat] low and high boundaries for proper pairs: (1, 630)
[M::mem_pestat] analyzing insert size distribution for orientation RF...
[M::mem_pestat] (25, 50, 75) percentile: (1579, 4970, 7094)
[M::mem_pestat] low and high boundaries for computing mean and std.dev: (1, 18124)
[M::mem_pestat] mean and std.dev: (4244.38, 2985.03)
[M::mem_pestat] low and high boundaries for proper pairs: (1, 23639)
[M::mem_pestat] skip orientation RR as there are not enough pairs
[M::mem_pestat] skip orientation RF
[M::mem_process_seqs] Processed 135126 reads in 36.765 CPU sec, 18.397 real sec
[M::process] read 135000 sequences (20000169 bp)...
[M::mem_pestat] # candidate unique pairs for (FF, FR, RF, RR): (5, 40150, 12, 4)
[M::mem_pestat] skip orientation FF as there are not enough pairs
[M::mem_pestat] analyzing insert size distribution for orientation FR...
[M::mem_pestat] (25, 50, 75) percentile: (224, 273, 325)
[M::mem_pestat] low and high boundaries for computing mean and std.dev: (22, 527)
[M::mem_pestat] mean and std.dev: (276.54, 76.58)
[M::mem_pestat] low and high boundaries for proper pairs: (1, 628)
[M::mem_pestat] analyzing insert size distribution for orientation RF...
[M::mem_pestat] (25, 50, 75) percentile: (1680, 6724, 8941)
[M::mem_pestat] low and high boundaries for computing mean and std.dev: (1, 23463)
[M::mem_pestat] mean and std.dev: (4992.08, 3611.09)
[M::mem_pestat] low and high boundaries for proper pairs: (1, 30724)
[M::mem_pestat] skip orientation RR as there are not enough pairs
[M::mem_pestat] skip orientation RF
[M::mem_process_seqs] Processed 134984 reads in 36.718 CPU sec, 18.372 real sec
[M::process] read 135046 sequences (20000028 bp)...
[M::mem_pestat] # candidate unique pairs for (FF, FR, RF, RR): (1, 40447, 8, 5)
[M::mem_pestat] skip orientation FF as there are not enough pairs
[M::mem_pestat] analyzing insert size distribution for orientation FR...
[M::mem_pestat] (25, 50, 75) percentile: (224, 273, 327)
[M::mem_pestat] low and high boundaries for computing mean and std.dev: (18, 533)
[M::mem_pestat] mean and std.dev: (277.03, 77.70)
[M::mem_pestat] low and high boundaries for proper pairs: (1, 636)
[M::mem_pestat] skip orientation RF as there are not enough pairs
[M::mem_pestat] skip orientation RR as there are not enough pairs
[M::mem_process_seqs] Processed 135000 reads in 37.002 CPU sec, 18.516 real sec
[M::process] read 135130 sequences (20000186 bp)...
[M::mem_pestat] # candidate unique pairs for (FF, FR, RF, RR): (3, 40178, 17, 2)
[M::mem_pestat] skip orientation FF as there are not enough pairs
[M::mem_pestat] analyzing insert size distribution for orientation FR...
[M::mem_pestat] (25, 50, 75) percentile: (225, 273, 326)
[M::mem_pestat] low and high boundaries for computing mean and std.dev: (23, 528)
[M::mem_pestat] mean and std.dev: (276.76, 76.27)
[M::mem_pestat] low and high boundaries for proper pairs: (1, 629)
[M::mem_pestat] analyzing insert size distribution for orientation RF...
[M::mem_pestat] (25, 50, 75) percentile: (2592, 5175, 7524)
[M::mem_pestat] low and high boundaries for computing mean and std.dev: (1, 17388)
[M::mem_pestat] mean and std.dev: (4761.47, 2806.74)
[M::mem_pestat] low and high boundaries for proper pairs: (1, 22320)
[M::mem_pestat] skip orientation RR as there are not enough pairs
[M::mem_pestat] skip orientation RF
[M::mem_process_seqs] Processed 135046 reads in 38.201 CPU sec, 19.128 real sec
[M::process] read 135080 sequences (20000208 bp)...
[M::mem_pestat] # candidate unique pairs for (FF, FR, RF, RR): (1, 40054, 15, 1)
[M::mem_pestat] skip orientation FF as there are not enough pairs
[M::mem_pestat] analyzing insert size distribution for orientation FR...
[M::mem_pestat] (25, 50, 75) percentile: (226, 275, 326)
[M::mem_pestat] low and high boundaries for computing mean and std.dev: (26, 526)
[M::mem_pestat] mean and std.dev: (277.89, 75.51)
[M::mem_pestat] low and high boundaries for proper pairs: (1, 626)
[M::mem_pestat] analyzing insert size distribution for orientation RF...
[M::mem_pestat] (25, 50, 75) percentile: (177, 4954, 6749)
[M::mem_pestat] low and high boundaries for computing mean and std.dev: (1, 19893)
[M::mem_pestat] mean and std.dev: (3665.67, 3257.15)
[M::mem_pestat] low and high boundaries for proper pairs: (1, 26465)
[M::mem_pestat] skip orientation RR as there are not enough pairs
[M::mem_pestat] skip orientation RF
[M::mem_process_seqs] Processed 135130 reads in 36.774 CPU sec, 18.404 real sec
[M::process] read 135078 sequences (20000052 bp)...
[M::mem_pestat] # candidate unique pairs for (FF, FR, RF, RR): (5, 40107, 8, 4)
[M::mem_pestat] skip orientation FF as there are not enough pairs
[M::mem_pestat] analyzing insert size distribution for orientation FR...
[M::mem_pestat] (25, 50, 75) percentile: (227, 274, 327)
[M::mem_pestat] low and high boundaries for computing mean and std.dev: (27, 527)
[M::mem_pestat] mean and std.dev: (278.47, 76.16)
[M::mem_pestat] low and high boundaries for proper pairs: (1, 627)
[M::mem_pestat] skip orientation RF as there are not enough pairs
[M::mem_pestat] skip orientation RR as there are not enough pairs
[M::mem_process_seqs] Processed 135080 reads in 38.008 CPU sec, 19.024 real sec
[M::process] read 135054 sequences (20000081 bp)...
[M::mem_pestat] # candidate unique pairs for (FF, FR, RF, RR): (2, 40301, 11, 2)
[M::mem_pestat] skip orientation FF as there are not enough pairs
[M::mem_pestat] analyzing insert size distribution for orientation FR...
[M::mem_pestat] (25, 50, 75) percentile: (225, 274, 326)
[M::mem_pestat] low and high boundaries for computing mean and std.dev: (23, 528)
[M::mem_pestat] mean and std.dev: (277.40, 76.61)
[M::mem_pestat] low and high boundaries for proper pairs: (1, 629)
[M::mem_pestat] analyzing insert size distribution for orientation RF...
[M::mem_pestat] (25, 50, 75) percentile: (198, 389, 5605)
[M::mem_pestat] low and high boundaries for computing mean and std.dev: (1, 16419)
[M::mem_pestat] mean and std.dev: (2988.45, 3449.26)
[M::mem_pestat] low and high boundaries for proper pairs: (1, 21826)
[M::mem_pestat] skip orientation RR as there are not enough pairs
[M::mem_pestat] skip orientation RF
[M::mem_process_seqs] Processed 135078 reads in 39.073 CPU sec, 19.550 real sec
[M::process] read 135034 sequences (20000255 bp)...
[M::mem_pestat] # candidate unique pairs for (FF, FR, RF, RR): (1, 40492, 7, 4)
[M::mem_pestat] skip orientation FF as there are not enough pairs
[M::mem_pestat] analyzing insert size distribution for orientation FR...
[M::mem_pestat] (25, 50, 75) percentile: (226, 275, 328)
[M::mem_pestat] low and high boundaries for computing mean and std.dev: (22, 532)
[M::mem_pestat] mean and std.dev: (278.08, 76.72)
[M::mem_pestat] low and high boundaries for proper pairs: (1, 634)
[M::mem_pestat] skip orientation RF as there are not enough pairs
[M::mem_pestat] skip orientation RR as there are not enough pairs
[M::mem_process_seqs] Processed 135054 reads in 38.905 CPU sec, 19.505 real sec
[M::process] read 134974 sequences (20000104 bp)...
[M::mem_pestat] # candidate unique pairs for (FF, FR, RF, RR): (1, 40362, 14, 2)
[M::mem_pestat] skip orientation FF as there are not enough pairs
[M::mem_pestat] analyzing insert size distribution for orientation FR...
[M::mem_pestat] (25, 50, 75) percentile: (226, 275, 327)
[M::mem_pestat] low and high boundaries for computing mean and std.dev: (24, 529)
[M::mem_pestat] mean and std.dev: (278.39, 76.71)
[M::mem_pestat] low and high boundaries for proper pairs: (1, 630)
[M::mem_pestat] analyzing insert size distribution for orientation RF...
[M::mem_pestat] (25, 50, 75) percentile: (445, 581, 2222)
[M::mem_pestat] low and high boundaries for computing mean and std.dev: (1, 5776)
[M::mem_pestat] mean and std.dev: (681.00, 563.78)
[M::mem_pestat] low and high boundaries for proper pairs: (1, 7553)
[M::mem_pestat] skip orientation RR as there are not enough pairs
[M::mem_pestat] skip orientation RF
[M::mem_process_seqs] Processed 135034 reads in 37.832 CPU sec, 18.937 real sec
[M::process] read 135028 sequences (20000258 bp)...
[M::mem_pestat] # candidate unique pairs for (FF, FR, RF, RR): (3, 40357, 16, 3)
[M::mem_pestat] skip orientation FF as there are not enough pairs
[M::mem_pestat] analyzing insert size distribution for orientation FR...
[M::mem_pestat] (25, 50, 75) percentile: (226, 275, 327)
[M::mem_pestat] low and high boundaries for computing mean and std.dev: (24, 529)
[M::mem_pestat] mean and std.dev: (278.55, 76.27)
[M::mem_pestat] low and high boundaries for proper pairs: (1, 630)
[M::mem_pestat] analyzing insert size distribution for orientation RF...
[M::mem_pestat] (25, 50, 75) percentile: (1665, 3867, 7452)
[M::mem_pestat] low and high boundaries for computing mean and std.dev: (1, 19026)
[M::mem_pestat] mean and std.dev: (3837.06, 2909.56)
[M::mem_pestat] low and high boundaries for proper pairs: (1, 24813)
[M::mem_pestat] skip orientation RR as there are not enough pairs
[M::mem_pestat] skip orientation RF
[M::mem_process_seqs] Processed 134974 reads in 36.929 CPU sec, 18.480 real sec
[M::process] read 135100 sequences (20000155 bp)...
[M::mem_pestat] # candidate unique pairs for (FF, FR, RF, RR): (5, 40076, 16, 6)
[M::mem_pestat] skip orientation FF as there are not enough pairs
[M::mem_pestat] analyzing insert size distribution for orientation FR...
[M::mem_pestat] (25, 50, 75) percentile: (225, 275, 328)
[M::mem_pestat] low and high boundaries for computing mean and std.dev: (19, 534)
[M::mem_pestat] mean and std.dev: (278.17, 77.81)
[M::mem_pestat] low and high boundaries for proper pairs: (1, 637)
[M::mem_pestat] analyzing insert size distribution for orientation RF...
[M::mem_pestat] (25, 50, 75) percentile: (423, 1462, 5152)
[M::mem_pestat] low and high boundaries for computing mean and std.dev: (1, 14610)
[M::mem_pestat] mean and std.dev: (2583.94, 2523.59)
[M::mem_pestat] low and high boundaries for proper pairs: (1, 19339)
[M::mem_pestat] skip orientation RR as there are not enough pairs
[M::mem_pestat] skip orientation RF
[M::mem_process_seqs] Processed 135028 reads in 38.842 CPU sec, 19.444 real sec
[M::process] read 135060 sequences (20000119 bp)...
[M::mem_pestat] # candidate unique pairs for (FF, FR, RF, RR): (1, 40493, 13, 1)
[M::mem_pestat] skip orientation FF as there are not enough pairs
[M::mem_pestat] analyzing insert size distribution for orientation FR...
[M::mem_pestat] (25, 50, 75) percentile: (227, 276, 327)
[M::mem_pestat] low and high boundaries for computing mean and std.dev: (27, 527)
[M::mem_pestat] mean and std.dev: (278.97, 75.71)
[M::mem_pestat] low and high boundaries for proper pairs: (1, 627)
[M::mem_pestat] analyzing insert size distribution for orientation RF...
[M::mem_pestat] (25, 50, 75) percentile: (516, 7252, 8923)
[M::mem_pestat] low and high boundaries for computing mean and std.dev: (1, 25737)
[M::mem_pestat] mean and std.dev: (5586.00, 3597.56)
[M::mem_pestat] low and high boundaries for proper pairs: (1, 34144)
[M::mem_pestat] skip orientation RR as there are not enough pairs
[M::mem_pestat] skip orientation RF
[M::mem_process_seqs] Processed 135100 reads in 37.200 CPU sec, 18.612 real sec
[M::process] read 135222 sequences (20000213 bp)...
[M::mem_pestat] # candidate unique pairs for (FF, FR, RF, RR): (5, 39937, 14, 6)
[M::mem_pestat] skip orientation FF as there are not enough pairs
[M::mem_pestat] analyzing insert size distribution for orientation FR...
[M::mem_pestat] (25, 50, 75) percentile: (227, 275, 328)
[M::mem_pestat] low and high boundaries for computing mean and std.dev: (25, 530)
[M::mem_pestat] mean and std.dev: (279.06, 76.44)
[M::mem_pestat] low and high boundaries for proper pairs: (1, 631)
[M::mem_pestat] analyzing insert size distribution for orientation RF...
[M::mem_pestat] (25, 50, 75) percentile: (986, 2406, 6559)
[M::mem_pestat] low and high boundaries for computing mean and std.dev: (1, 17705)
[M::mem_pestat] mean and std.dev: (3500.21, 3176.60)
[M::mem_pestat] low and high boundaries for proper pairs: (1, 23278)
[M::mem_pestat] skip orientation RR as there are not enough pairs
[M::mem_pestat] skip orientation RF
[M::mem_process_seqs] Processed 135060 reads in 36.825 CPU sec, 18.425 real sec
[M::process] read 135058 sequences (20000115 bp)...
[M::mem_pestat] # candidate unique pairs for (FF, FR, RF, RR): (2, 40264, 12, 3)
[M::mem_pestat] skip orientation FF as there are not enough pairs
[M::mem_pestat] analyzing insert size distribution for orientation FR...
[M::mem_pestat] (25, 50, 75) percentile: (225, 274, 326)
[M::mem_pestat] low and high boundaries for computing mean and std.dev: (23, 528)
[M::mem_pestat] mean and std.dev: (276.99, 77.02)
[M::mem_pestat] low and high boundaries for proper pairs: (1, 629)
[M::mem_pestat] analyzing insert size distribution for orientation RF...
[M::mem_pestat] (25, 50, 75) percentile: (4137, 5052, 6817)
[M::mem_pestat] low and high boundaries for computing mean and std.dev: (1, 12177)
[M::mem_pestat] mean and std.dev: (4646.42, 2726.76)
[M::mem_pestat] low and high boundaries for proper pairs: (1, 15553)
[M::mem_pestat] skip orientation RR as there are not enough pairs
[M::mem_pestat] skip orientation RF
[M::mem_process_seqs] Processed 135222 reads in 36.825 CPU sec, 18.428 real sec
[M::process] read 135038 sequences (20000174 bp)...
[M::mem_pestat] # candidate unique pairs for (FF, FR, RF, RR): (3, 40371, 11, 1)
[M::mem_pestat] skip orientation FF as there are not enough pairs
[M::mem_pestat] analyzing insert size distribution for orientation FR...
[M::mem_pestat] (25, 50, 75) percentile: (225, 274, 327)
[M::mem_pestat] low and high boundaries for computing mean and std.dev: (21, 531)
[M::mem_pestat] mean and std.dev: (278.07, 77.19)
[M::mem_pestat] low and high boundaries for proper pairs: (1, 633)
[M::mem_pestat] analyzing insert size distribution for orientation RF...
[M::mem_pestat] (25, 50, 75) percentile: (512, 3115, 5163)
[M::mem_pestat] low and high boundaries for computing mean and std.dev: (1, 14465)
[M::mem_pestat] mean and std.dev: (2943.55, 2551.02)
[M::mem_pestat] low and high boundaries for proper pairs: (1, 19116)
[M::mem_pestat] skip orientation RR as there are not enough pairs
[M::mem_pestat] skip orientation RF
[M::mem_process_seqs] Processed 135058 reads in 36.733 CPU sec, 18.381 real sec
[M::process] read 135084 sequences (20000102 bp)...
[M::mem_pestat] # candidate unique pairs for (FF, FR, RF, RR): (5, 40308, 11, 0)
[M::mem_pestat] skip orientation FF as there are not enough pairs
[M::mem_pestat] analyzing insert size distribution for orientation FR...
[M::mem_pestat] (25, 50, 75) percentile: (226, 275, 328)
[M::mem_pestat] low and high boundaries for computing mean and std.dev: (22, 532)
[M::mem_pestat] mean and std.dev: (278.58, 77.28)
[M::mem_pestat] low and high boundaries for proper pairs: (1, 634)
[M::mem_pestat] analyzing insert size distribution for orientation RF...
[M::mem_pestat] (25, 50, 75) percentile: (4877, 7165, 8445)
[M::mem_pestat] low and high boundaries for computing mean and std.dev: (1, 15581)
[M::mem_pestat] mean and std.dev: (6081.18, 3001.05)
[M::mem_pestat] low and high boundaries for proper pairs: (1, 19149)
[M::mem_pestat] skip orientation RR as there are not enough pairs
[M::mem_pestat] skip orientation RF
[M::mem_process_seqs] Processed 135038 reads in 36.948 CPU sec, 18.490 real sec
[M::process] read 135004 sequences (20000006 bp)...
[M::mem_pestat] # candidate unique pairs for (FF, FR, RF, RR): (4, 40140, 16, 6)
[M::mem_pestat] skip orientation FF as there are not enough pairs
[M::mem_pestat] analyzing insert size distribution for orientation FR...
[M::mem_pestat] (25, 50, 75) percentile: (227, 276, 328)
[M::mem_pestat] low and high boundaries for computing mean and std.dev: (25, 530)
[M::mem_pestat] mean and std.dev: (279.11, 76.46)
[M::mem_pestat] low and high boundaries for proper pairs: (1, 631)
[M::mem_pestat] analyzing insert size distribution for orientation RF...
[M::mem_pestat] (25, 50, 75) percentile: (472, 6008, 8483)
[M::mem_pestat] low and high boundaries for computing mean and std.dev: (1, 24505)
[M::mem_pestat] mean and std.dev: (5016.44, 3624.84)
[M::mem_pestat] low and high boundaries for proper pairs: (1, 32516)
[M::mem_pestat] skip orientation RR as there are not enough pairs
[M::mem_pestat] skip orientation RF
[M::mem_process_seqs] Processed 135084 reads in 36.911 CPU sec, 18.471 real sec
[M::process] read 135022 sequences (20000217 bp)...
[M::mem_pestat] # candidate unique pairs for (FF, FR, RF, RR): (6, 40146, 19, 3)
[M::mem_pestat] skip orientation FF as there are not enough pairs
[M::mem_pestat] analyzing insert size distribution for orientation FR...
[M::mem_pestat] (25, 50, 75) percentile: (226, 275, 327)
[M::mem_pestat] low and high boundaries for computing mean and std.dev: (24, 529)
[M::mem_pestat] mean and std.dev: (278.47, 76.57)
[M::mem_pestat] low and high boundaries for proper pairs: (1, 630)
[M::mem_pestat] analyzing insert size distribution for orientation RF...
[M::mem_pestat] (25, 50, 75) percentile: (509, 4697, 6024)
[M::mem_pestat] low and high boundaries for computing mean and std.dev: (1, 17054)
[M::mem_pestat] mean and std.dev: (3809.84, 2783.60)
[M::mem_pestat] low and high boundaries for proper pairs: (1, 22569)
[M::mem_pestat] skip orientation RR as there are not enough pairs
[M::mem_pestat] skip orientation RF
[M::mem_process_seqs] Processed 135004 reads in 36.841 CPU sec, 18.434 real sec
[M::process] read 134992 sequences (20000140 bp)...
[M::mem_pestat] # candidate unique pairs for (FF, FR, RF, RR): (2, 40531, 19, 3)
[M::mem_pestat] skip orientation FF as there are not enough pairs
[M::mem_pestat] analyzing insert size distribution for orientation FR...
[M::mem_pestat] (25, 50, 75) percentile: (226, 274, 327)
[M::mem_pestat] low and high boundaries for computing mean and std.dev: (24, 529)
[M::mem_pestat] mean and std.dev: (278.37, 76.68)
[M::mem_pestat] low and high boundaries for proper pairs: (1, 630)
[M::mem_pestat] analyzing insert size distribution for orientation RF...
[M::mem_pestat] (25, 50, 75) percentile: (219, 5335, 6879)
[M::mem_pestat] low and high boundaries for computing mean and std.dev: (1, 20199)
[M::mem_pestat] mean and std.dev: (4216.26, 3435.53)
[M::mem_pestat] low and high boundaries for proper pairs: (1, 26859)
[M::mem_pestat] skip orientation RR as there are not enough pairs
[M::mem_pestat] skip orientation RF
[M::mem_process_seqs] Processed 135022 reads in 36.729 CPU sec, 18.379 real sec
[M::process] read 135026 sequences (20000040 bp)...
[M::mem_pestat] # candidate unique pairs for (FF, FR, RF, RR): (2, 40095, 12, 2)
[M::mem_pestat] skip orientation FF as there are not enough pairs
[M::mem_pestat] analyzing insert size distribution for orientation FR...
[M::mem_pestat] (25, 50, 75) percentile: (227, 275, 327)
[M::mem_pestat] low and high boundaries for computing mean and std.dev: (27, 527)
[M::mem_pestat] mean and std.dev: (279.04, 75.90)
[M::mem_pestat] low and high boundaries for proper pairs: (1, 627)
[M::mem_pestat] analyzing insert size distribution for orientation RF...
[M::mem_pestat] (25, 50, 75) percentile: (363, 3080, 8230)
[M::mem_pestat] low and high boundaries for computing mean and std.dev: (1, 23964)
[M::mem_pestat] mean and std.dev: (3454.42, 3473.68)
[M::mem_pestat] low and high boundaries for proper pairs: (1, 31831)
[M::mem_pestat] skip orientation RR as there are not enough pairs
[M::mem_pestat] skip orientation RF
[M::mem_process_seqs] Processed 134992 reads in 36.913 CPU sec, 18.470 real sec
[M::process] read 134986 sequences (20000265 bp)...
[M::mem_pestat] # candidate unique pairs for (FF, FR, RF, RR): (1, 39961, 19, 1)
[M::mem_pestat] skip orientation FF as there are not enough pairs
[M::mem_pestat] analyzing insert size distribution for orientation FR...
[M::mem_pestat] (25, 50, 75) percentile: (227, 275, 328)
[M::mem_pestat] low and high boundaries for computing mean and std.dev: (25, 530)
[M::mem_pestat] mean and std.dev: (278.98, 76.06)
[M::mem_pestat] low and high boundaries for proper pairs: (1, 631)
[M::mem_pestat] analyzing insert size distribution for orientation RF...
[M::mem_pestat] (25, 50, 75) percentile: (1747, 5284, 8010)
[M::mem_pestat] low and high boundaries for computing mean and std.dev: (1, 20536)
[M::mem_pestat] mean and std.dev: (4945.16, 3113.06)
[M::mem_pestat] low and high boundaries for proper pairs: (1, 26799)
[M::mem_pestat] skip orientation RR as there are not enough pairs
[M::mem_pestat] skip orientation RF
[M::mem_process_seqs] Processed 135026 reads in 36.862 CPU sec, 18.446 real sec
[M::process] read 134926 sequences (20000012 bp)...
[M::mem_pestat] # candidate unique pairs for (FF, FR, RF, RR): (5, 40354, 11, 2)
[M::mem_pestat] skip orientation FF as there are not enough pairs
[M::mem_pestat] analyzing insert size distribution for orientation FR...
[M::mem_pestat] (25, 50, 75) percentile: (226, 275, 327)
[M::mem_pestat] low and high boundaries for computing mean and std.dev: (24, 529)
[M::mem_pestat] mean and std.dev: (278.42, 76.44)
[M::mem_pestat] low and high boundaries for proper pairs: (1, 630)
[M::mem_pestat] analyzing insert size distribution for orientation RF...
[M::mem_pestat] (25, 50, 75) percentile: (2260, 3372, 6316)
[M::mem_pestat] low and high boundaries for computing mean and std.dev: (1, 14428)
[M::mem_pestat] mean and std.dev: (3881.00, 2268.83)
[M::mem_pestat] low and high boundaries for proper pairs: (1, 18484)
[M::mem_pestat] skip orientation RR as there are not enough pairs
[M::mem_pestat] skip orientation RF
[M::mem_process_seqs] Processed 134986 reads in 36.911 CPU sec, 18.484 real sec
[M::process] read 135518 sequences (20000039 bp)...
[M::mem_pestat] # candidate unique pairs for (FF, FR, RF, RR): (5, 40412, 10, 5)
[M::mem_pestat] skip orientation FF as there are not enough pairs
[M::mem_pestat] analyzing insert size distribution for orientation FR...
[M::mem_pestat] (25, 50, 75) percentile: (227, 276, 330)
[M::mem_pestat] low and high boundaries for computing mean and std.dev: (21, 536)
[M::mem_pestat] mean and std.dev: (279.95, 77.69)
[M::mem_pestat] low and high boundaries for proper pairs: (1, 639)
[M::mem_pestat] analyzing insert size distribution for orientation RF...
[M::mem_pestat] (25, 50, 75) percentile: (539, 5132, 6345)
[M::mem_pestat] low and high boundaries for computing mean and std.dev: (1, 17957)
[M::mem_pestat] mean and std.dev: (4131.10, 2814.73)
[M::mem_pestat] low and high boundaries for proper pairs: (1, 23763)
[M::mem_pestat] skip orientation RR as there are not enough pairs
[M::mem_pestat] skip orientation RF
[M::mem_process_seqs] Processed 134926 reads in 36.804 CPU sec, 18.415 real sec
[M::process] read 134956 sequences (20000281 bp)...
[M::mem_pestat] # candidate unique pairs for (FF, FR, RF, RR): (2, 39716, 30, 2)
[M::mem_pestat] skip orientation FF as there are not enough pairs
[M::mem_pestat] analyzing insert size distribution for orientation FR...
[M::mem_pestat] (25, 50, 75) percentile: (226, 275, 328)
[M::mem_pestat] low and high boundaries for computing mean and std.dev: (22, 532)
[M::mem_pestat] mean and std.dev: (278.71, 77.11)
[M::mem_pestat] low and high boundaries for proper pairs: (1, 634)
[M::mem_pestat] analyzing insert size distribution for orientation RF...
[M::mem_pestat] (25, 50, 75) percentile: (600, 4085, 6209)
[M::mem_pestat] low and high boundaries for computing mean and std.dev: (1, 17427)
[M::mem_pestat] mean and std.dev: (3730.27, 3176.97)
[M::mem_pestat] low and high boundaries for proper pairs: (1, 23036)
[M::mem_pestat] skip orientation RR as there are not enough pairs
[M::mem_pestat] skip orientation RF
[M::mem_process_seqs] Processed 135518 reads in 39.132 CPU sec, 19.581 real sec
[M::process] read 134944 sequences (20000218 bp)...
[M::mem_pestat] # candidate unique pairs for (FF, FR, RF, RR): (6, 40131, 7, 4)
[M::mem_pestat] skip orientation FF as there are not enough pairs
[M::mem_pestat] analyzing insert size distribution for orientation FR...
[M::mem_pestat] (25, 50, 75) percentile: (227, 275, 329)
[M::mem_pestat] low and high boundaries for computing mean and std.dev: (23, 533)
[M::mem_pestat] mean and std.dev: (279.55, 77.06)
[M::mem_pestat] low and high boundaries for proper pairs: (1, 635)
[M::mem_pestat] skip orientation RF as there are not enough pairs
[M::mem_pestat] skip orientation RR as there are not enough pairs
[M::mem_process_seqs] Processed 134956 reads in 37.095 CPU sec, 18.563 real sec
[M::process] read 134968 sequences (20000163 bp)...
[M::mem_pestat] # candidate unique pairs for (FF, FR, RF, RR): (0, 40079, 16, 2)
[M::mem_pestat] skip orientation FF as there are not enough pairs
[M::mem_pestat] analyzing insert size distribution for orientation FR...
[M::mem_pestat] (25, 50, 75) percentile: (227, 276, 329)
[M::mem_pestat] low and high boundaries for computing mean and std.dev: (23, 533)
[M::mem_pestat] mean and std.dev: (279.40, 77.25)
[M::mem_pestat] low and high boundaries for proper pairs: (1, 635)
[M::mem_pestat] analyzing insert size distribution for orientation RF...
[M::mem_pestat] (25, 50, 75) percentile: (45, 511, 4747)
[M::mem_pestat] low and high boundaries for computing mean and std.dev: (1, 14151)
[M::mem_pestat] mean and std.dev: (2022.12, 2604.44)
[M::mem_pestat] low and high boundaries for proper pairs: (1, 18853)
[M::mem_pestat] skip orientation RR as there are not enough pairs
[M::mem_pestat] skip orientation RF
[M::mem_process_seqs] Processed 134944 reads in 36.813 CPU sec, 18.423 real sec
[M::process] read 135004 sequences (20000297 bp)...
[M::mem_pestat] # candidate unique pairs for (FF, FR, RF, RR): (3, 40306, 12, 2)
[M::mem_pestat] skip orientation FF as there are not enough pairs
[M::mem_pestat] analyzing insert size distribution for orientation FR...
[M::mem_pestat] (25, 50, 75) percentile: (228, 276, 329)
[M::mem_pestat] low and high boundaries for computing mean and std.dev: (26, 531)
[M::mem_pestat] mean and std.dev: (279.84, 76.51)
[M::mem_pestat] low and high boundaries for proper pairs: (1, 632)
[M::mem_pestat] analyzing insert size distribution for orientation RF...
[M::mem_pestat] (25, 50, 75) percentile: (677, 5375, 5829)
[M::mem_pestat] low and high boundaries for computing mean and std.dev: (1, 16133)
[M::mem_pestat] mean and std.dev: (3374.83, 2781.60)
[M::mem_pestat] low and high boundaries for proper pairs: (1, 21285)
[M::mem_pestat] skip orientation RR as there are not enough pairs
[M::mem_pestat] skip orientation RF
[M::mem_process_seqs] Processed 134968 reads in 36.878 CPU sec, 18.454 real sec
[M::process] read 134862 sequences (20000048 bp)...
[M::mem_pestat] # candidate unique pairs for (FF, FR, RF, RR): (4, 40307, 19, 3)
[M::mem_pestat] skip orientation FF as there are not enough pairs
[M::mem_pestat] analyzing insert size distribution for orientation FR...
[M::mem_pestat] (25, 50, 75) percentile: (227, 276, 329)
[M::mem_pestat] low and high boundaries for computing mean and std.dev: (23, 533)
[M::mem_pestat] mean and std.dev: (279.47, 77.44)
[M::mem_pestat] low and high boundaries for proper pairs: (1, 635)
[M::mem_pestat] analyzing insert size distribution for orientation RF...
[M::mem_pestat] (25, 50, 75) percentile: (1353, 4611, 5922)
[M::mem_pestat] low and high boundaries for computing mean and std.dev: (1, 15060)
[M::mem_pestat] mean and std.dev: (3898.32, 2720.96)
[M::mem_pestat] low and high boundaries for proper pairs: (1, 19629)
[M::mem_pestat] skip orientation RR as there are not enough pairs
[M::mem_pestat] skip orientation RF
[M::mem_process_seqs] Processed 135004 reads in 37.032 CPU sec, 18.529 real sec
[M::process] read 135086 sequences (20000036 bp)...
[M::mem_pestat] # candidate unique pairs for (FF, FR, RF, RR): (6, 40168, 14, 3)
[M::mem_pestat] skip orientation FF as there are not enough pairs
[M::mem_pestat] analyzing insert size distribution for orientation FR...
[M::mem_pestat] (25, 50, 75) percentile: (227, 276, 329)
[M::mem_pestat] low and high boundaries for computing mean and std.dev: (23, 533)
[M::mem_pestat] mean and std.dev: (279.42, 77.04)
[M::mem_pestat] low and high boundaries for proper pairs: (1, 635)
[M::mem_pestat] analyzing insert size distribution for orientation RF...
[M::mem_pestat] (25, 50, 75) percentile: (533, 6910, 8065)
[M::mem_pestat] low and high boundaries for computing mean and std.dev: (1, 23129)
[M::mem_pestat] mean and std.dev: (4746.71, 3737.69)
[M::mem_pestat] low and high boundaries for proper pairs: (1, 30661)
[M::mem_pestat] skip orientation RR as there are not enough pairs
[M::mem_pestat] skip orientation RF
[M::mem_process_seqs] Processed 134862 reads in 37.039 CPU sec, 18.537 real sec
[M::process] read 134916 sequences (20000256 bp)...
[M::mem_pestat] # candidate unique pairs for (FF, FR, RF, RR): (4, 40229, 10, 0)
[M::mem_pestat] skip orientation FF as there are not enough pairs
[M::mem_pestat] analyzing insert size distribution for orientation FR...
[M::mem_pestat] (25, 50, 75) percentile: (228, 277, 330)
[M::mem_pestat] low and high boundaries for computing mean and std.dev: (24, 534)
[M::mem_pestat] mean and std.dev: (280.47, 77.06)
[M::mem_pestat] low and high boundaries for proper pairs: (1, 636)
[M::mem_pestat] analyzing insert size distribution for orientation RF...
[M::mem_pestat] (25, 50, 75) percentile: (1592, 6799, 8438)
[M::mem_pestat] low and high boundaries for computing mean and std.dev: (1, 22130)
[M::mem_pestat] mean and std.dev: (4775.60, 3294.01)
[M::mem_pestat] low and high boundaries for proper pairs: (1, 28976)
[M::mem_pestat] skip orientation RR as there are not enough pairs
[M::mem_pestat] skip orientation RF
[M::mem_process_seqs] Processed 135086 reads in 37.123 CPU sec, 18.575 real sec
[M::process] read 135068 sequences (20000001 bp)...
[M::mem_pestat] # candidate unique pairs for (FF, FR, RF, RR): (3, 40583, 19, 2)
[M::mem_pestat] skip orientation FF as there are not enough pairs
[M::mem_pestat] analyzing insert size distribution for orientation FR...
[M::mem_pestat] (25, 50, 75) percentile: (228, 276, 329)
[M::mem_pestat] low and high boundaries for computing mean and std.dev: (26, 531)
[M::mem_pestat] mean and std.dev: (280.26, 76.55)
[M::mem_pestat] low and high boundaries for proper pairs: (1, 632)
[M::mem_pestat] analyzing insert size distribution for orientation RF...
[M::mem_pestat] (25, 50, 75) percentile: (491, 1856, 7312)
[M::mem_pestat] low and high boundaries for computing mean and std.dev: (1, 20954)
[M::mem_pestat] mean and std.dev: (3548.26, 3447.33)
[M::mem_pestat] low and high boundaries for proper pairs: (1, 27775)
[M::mem_pestat] skip orientation RR as there are not enough pairs
[M::mem_pestat] skip orientation RF
[M::mem_process_seqs] Processed 134916 reads in 36.729 CPU sec, 18.377 real sec
[M::process] read 135112 sequences (20000002 bp)...
[M::mem_pestat] # candidate unique pairs for (FF, FR, RF, RR): (4, 40410, 17, 2)
[M::mem_pestat] skip orientation FF as there are not enough pairs
[M::mem_pestat] analyzing insert size distribution for orientation FR...
[M::mem_pestat] (25, 50, 75) percentile: (228, 277, 330)
[M::mem_pestat] low and high boundaries for computing mean and std.dev: (24, 534)
[M::mem_pestat] mean and std.dev: (280.56, 76.76)
[M::mem_pestat] low and high boundaries for proper pairs: (1, 636)
[M::mem_pestat] analyzing insert size distribution for orientation RF...
[M::mem_pestat] (25, 50, 75) percentile: (3590, 4744, 6491)
[M::mem_pestat] low and high boundaries for computing mean and std.dev: (1, 12293)
[M::mem_pestat] mean and std.dev: (4576.94, 2306.81)
[M::mem_pestat] low and high boundaries for proper pairs: (1, 15194)
[M::mem_pestat] skip orientation RR as there are not enough pairs
[M::mem_pestat] skip orientation RF
[M::mem_process_seqs] Processed 135068 reads in 36.812 CPU sec, 18.422 real sec
[M::process] read 135070 sequences (20000125 bp)...
[M::mem_pestat] # candidate unique pairs for (FF, FR, RF, RR): (2, 40244, 15, 1)
[M::mem_pestat] skip orientation FF as there are not enough pairs
[M::mem_pestat] analyzing insert size distribution for orientation FR...
[M::mem_pestat] (25, 50, 75) percentile: (230, 278, 330)
[M::mem_pestat] low and high boundaries for computing mean and std.dev: (30, 530)
[M::mem_pestat] mean and std.dev: (282.07, 75.76)
[M::mem_pestat] low and high boundaries for proper pairs: (1, 630)
[M::mem_pestat] analyzing insert size distribution for orientation RF...
[M::mem_pestat] (25, 50, 75) percentile: (282, 5037, 8063)
[M::mem_pestat] low and high boundaries for computing mean and std.dev: (1, 23625)
[M::mem_pestat] mean and std.dev: (4099.20, 3287.46)
[M::mem_pestat] low and high boundaries for proper pairs: (1, 31406)
[M::mem_pestat] skip orientation RR as there are not enough pairs
[M::mem_pestat] skip orientation RF
[M::mem_process_seqs] Processed 135112 reads in 37.103 CPU sec, 18.563 real sec
[M::process] read 135408 sequences (20000171 bp)...
[M::mem_pestat] # candidate unique pairs for (FF, FR, RF, RR): (3, 40194, 8, 2)
[M::mem_pestat] skip orientation FF as there are not enough pairs
[M::mem_pestat] analyzing insert size distribution for orientation FR...
[M::mem_pestat] (25, 50, 75) percentile: (228, 277, 330)
[M::mem_pestat] low and high boundaries for computing mean and std.dev: (24, 534)
[M::mem_pestat] mean and std.dev: (280.67, 76.97)
[M::mem_pestat] low and high boundaries for proper pairs: (1, 636)
[M::mem_pestat] skip orientation RF as there are not enough pairs
[M::mem_pestat] skip orientation RR as there are not enough pairs
[M::mem_process_seqs] Processed 135070 reads in 37.110 CPU sec, 18.572 real sec
[M::process] read 135350 sequences (20000109 bp)...
[M::mem_pestat] # candidate unique pairs for (FF, FR, RF, RR): (3, 40372, 9, 4)
[M::mem_pestat] skip orientation FF as there are not enough pairs
[M::mem_pestat] analyzing insert size distribution for orientation FR...
[M::mem_pestat] (25, 50, 75) percentile: (223, 272, 324)
[M::mem_pestat] low and high boundaries for computing mean and std.dev: (21, 526)
[M::mem_pestat] mean and std.dev: (275.33, 76.69)
[M::mem_pestat] low and high boundaries for proper pairs: (1, 627)
[M::mem_pestat] skip orientation RF as there are not enough pairs
[M::mem_pestat] skip orientation RR as there are not enough pairs
[M::mem_process_seqs] Processed 135408 reads in 36.391 CPU sec, 18.208 real sec
[M::process] read 135474 sequences (20000030 bp)...
[M::mem_pestat] # candidate unique pairs for (FF, FR, RF, RR): (1, 40252, 11, 1)
[M::mem_pestat] skip orientation FF as there are not enough pairs
[M::mem_pestat] analyzing insert size distribution for orientation FR...
[M::mem_pestat] (25, 50, 75) percentile: (223, 272, 324)
[M::mem_pestat] low and high boundaries for computing mean and std.dev: (21, 526)
[M::mem_pestat] mean and std.dev: (275.44, 76.84)
[M::mem_pestat] low and high boundaries for proper pairs: (1, 627)
[M::mem_pestat] analyzing insert size distribution for orientation RF...
[M::mem_pestat] (25, 50, 75) percentile: (731, 5011, 7649)
[M::mem_pestat] low and high boundaries for computing mean and std.dev: (1, 21485)
[M::mem_pestat] mean and std.dev: (4450.27, 3394.41)
[M::mem_pestat] low and high boundaries for proper pairs: (1, 28403)
[M::mem_pestat] skip orientation RR as there are not enough pairs
[M::mem_pestat] skip orientation RF
[M::mem_process_seqs] Processed 135350 reads in 36.912 CPU sec, 18.468 real sec
[M::process] read 135336 sequences (20000009 bp)...
[M::mem_pestat] # candidate unique pairs for (FF, FR, RF, RR): (4, 40643, 11, 4)
[M::mem_pestat] skip orientation FF as there are not enough pairs
[M::mem_pestat] analyzing insert size distribution for orientation FR...
[M::mem_pestat] (25, 50, 75) percentile: (224, 272, 324)
[M::mem_pestat] low and high boundaries for computing mean and std.dev: (24, 524)
[M::mem_pestat] mean and std.dev: (275.86, 76.05)
[M::mem_pestat] low and high boundaries for proper pairs: (1, 624)
[M::mem_pestat] analyzing insert size distribution for orientation RF...
[M::mem_pestat] (25, 50, 75) percentile: (261, 1131, 4389)
[M::mem_pestat] low and high boundaries for computing mean and std.dev: (1, 12645)
[M::mem_pestat] mean and std.dev: (2534.91, 2807.62)
[M::mem_pestat] low and high boundaries for proper pairs: (1, 16773)
[M::mem_pestat] skip orientation RR as there are not enough pairs
[M::mem_pestat] skip orientation RF
[M::mem_process_seqs] Processed 135474 reads in 36.265 CPU sec, 18.155 real sec
[M::process] read 135190 sequences (20000003 bp)...
[M::mem_pestat] # candidate unique pairs for (FF, FR, RF, RR): (4, 40252, 16, 4)
[M::mem_pestat] skip orientation FF as there are not enough pairs
[M::mem_pestat] analyzing insert size distribution for orientation FR...
[M::mem_pestat] (25, 50, 75) percentile: (223, 272, 324)
[M::mem_pestat] low and high boundaries for computing mean and std.dev: (21, 526)
[M::mem_pestat] mean and std.dev: (275.24, 76.26)
[M::mem_pestat] low and high boundaries for proper pairs: (1, 627)
[M::mem_pestat] analyzing insert size distribution for orientation RF...
[M::mem_pestat] (25, 50, 75) percentile: (201, 3674, 5785)
[M::mem_pestat] low and high boundaries for computing mean and std.dev: (1, 16953)
[M::mem_pestat] mean and std.dev: (3143.25, 2944.94)
[M::mem_pestat] low and high boundaries for proper pairs: (1, 22537)
[M::mem_pestat] skip orientation RR as there are not enough pairs
[M::mem_pestat] skip orientation RF
[M::mem_process_seqs] Processed 135336 reads in 36.810 CPU sec, 18.422 real sec
[M::process] read 135192 sequences (20000161 bp)...
[M::mem_pestat] # candidate unique pairs for (FF, FR, RF, RR): (3, 40239, 12, 4)
[M::mem_pestat] skip orientation FF as there are not enough pairs
[M::mem_pestat] analyzing insert size distribution for orientation FR...
[M::mem_pestat] (25, 50, 75) percentile: (222, 272, 325)
[M::mem_pestat] low and high boundaries for computing mean and std.dev: (16, 531)
[M::mem_pestat] mean and std.dev: (275.44, 77.20)
[M::mem_pestat] low and high boundaries for proper pairs: (1, 634)
[M::mem_pestat] analyzing insert size distribution for orientation RF...
[M::mem_pestat] (25, 50, 75) percentile: (111, 4680, 6817)
[M::mem_pestat] low and high boundaries for computing mean and std.dev: (1, 20229)
[M::mem_pestat] mean and std.dev: (3749.33, 2852.03)
[M::mem_pestat] low and high boundaries for proper pairs: (1, 26935)
[M::mem_pestat] skip orientation RR as there are not enough pairs
[M::mem_pestat] skip orientation RF
[M::mem_process_seqs] Processed 135190 reads in 36.760 CPU sec, 18.394 real sec
[M::process] read 135252 sequences (20000167 bp)...
[M::mem_pestat] # candidate unique pairs for (FF, FR, RF, RR): (1, 40535, 15, 4)
[M::mem_pestat] skip orientation FF as there are not enough pairs
[M::mem_pestat] analyzing insert size distribution for orientation FR...
[M::mem_pestat] (25, 50, 75) percentile: (224, 273, 325)
[M::mem_pestat] low and high boundaries for computing mean and std.dev: (22, 527)
[M::mem_pestat] mean and std.dev: (276.13, 76.60)
[M::mem_pestat] low and high boundaries for proper pairs: (1, 628)
[M::mem_pestat] analyzing insert size distribution for orientation RF...
[M::mem_pestat] (25, 50, 75) percentile: (260, 1510, 5788)
[M::mem_pestat] low and high boundaries for computing mean and std.dev: (1, 16844)
[M::mem_pestat] mean and std.dev: (2754.00, 2695.26)
[M::mem_pestat] low and high boundaries for proper pairs: (1, 22372)
[M::mem_pestat] skip orientation RR as there are not enough pairs
[M::mem_pestat] skip orientation RF
[M::mem_process_seqs] Processed 135192 reads in 36.141 CPU sec, 18.086 real sec
[M::process] read 104660 sequences (15475422 bp)...
[M::mem_pestat] # candidate unique pairs for (FF, FR, RF, RR): (2, 40415, 8, 2)
[M::mem_pestat] skip orientation FF as there are not enough pairs
[M::mem_pestat] analyzing insert size distribution for orientation FR...
[M::mem_pestat] (25, 50, 75) percentile: (223, 272, 325)
[M::mem_pestat] low and high boundaries for computing mean and std.dev: (19, 529)
[M::mem_pestat] mean and std.dev: (275.83, 77.10)
[M::mem_pestat] low and high boundaries for proper pairs: (1, 631)
[M::mem_pestat] skip orientation RF as there are not enough pairs
[M::mem_pestat] skip orientation RR as there are not enough pairs
[M::mem_process_seqs] Processed 135252 reads in 36.627 CPU sec, 18.324 real sec
[M::mem_pestat] # candidate unique pairs for (FF, FR, RF, RR): (0, 31387, 12, 2)
[M::mem_pestat] skip orientation FF as there are not enough pairs
[M::mem_pestat] analyzing insert size distribution for orientation FR...
[M::mem_pestat] (25, 50, 75) percentile: (223, 272, 325)
[M::mem_pestat] low and high boundaries for computing mean and std.dev: (19, 529)
[M::mem_pestat] mean and std.dev: (275.28, 76.60)
[M::mem_pestat] low and high boundaries for proper pairs: (1, 631)
[M::mem_pestat] analyzing insert size distribution for orientation RF...
[M::mem_pestat] (25, 50, 75) percentile: (244, 1765, 7123)
[M::mem_pestat] low and high boundaries for computing mean and std.dev: (1, 20881)
[M::mem_pestat] mean and std.dev: (3440.00, 3505.06)
[M::mem_pestat] low and high boundaries for proper pairs: (1, 27760)
[M::mem_pestat] skip orientation RR as there are not enough pairs
[M::mem_pestat] skip orientation RF
[M::mem_process_seqs] Processed 104660 reads in 28.121 CPU sec, 14.072 real sec
[main] Version: 0.7.17-r1188
[main] CMD: bwa mem -t 2 /home/leizhao/Genome_Analysis/results/02_Canu/Canu_assembly_scaffold_06.contigs.fasta /home/leizhao/Genome_Analysis/data/raw_data/illumina_data/SRR6058604_scaffold_06.1P.fastq.gz /home/leizhao/Genome_Analysis/data/raw_data/illumina_data/SRR6058604_scaffold_06.2P.fastq.gz
[main] Real time: 1235.462 sec; CPU: 2466.718 sec
