eggNOG_data/5.0.0: Data available at $EGGNOG_DATA_ROOT, see 'module help eggNOG_data/5.0.0'
[1;32mFunctional annotation of hits...[0m
0 3.5762786865234375e-06 0.00 q/s (% mem usage: 13.50, % mem avail: 86.46)
#  emapper-2.1.9-12e5f09
# emapper.py  -i /home/leizhao/Genome_Analysis/results/06_RepeatMasker_DNA_assembly_masking/DNA_assembly_polish_Pilon.fasta.masked --itype genome --output functional_annotation --output_dir /home/leizhao/Genome_Analysis/results/12_eggNOGmapper_annotation --cpu 4
[1;33m  /sw/bioinfo/eggNOG-mapper/2.1.9/snowy/bin/diamond blastx -d /crex/data/eggNOG_data/5.0.0/rackham/eggnog_proteins.dmnd -q /domus/h1/leizhao/Genome_Analysis/results/06_RepeatMasker_DNA_assembly_masking/DNA_assembly_polish_Pilon.fasta.masked --threads 4 -o /domus/h1/leizhao/Genome_Analysis/results/12_eggNOGmapper_annotation/functional_annotation.emapper.hits --tmpdir /domus/h1/leizhao/Genome_Analysis/code/emappertmp_dmdn_gjr9owjq --sensitive --iterate -e 0.001 --max-target-seqs 0 --max-hsps 0  --outfmt 6 qseqid sseqid pident length mismatch gapopen qstart qend sstart send evalue bitscore qcovhsp scovhsp[0m
[1;32mCrafting GFF file of CDS ...[0m
[1;32mCrafting fasta file of CDS ...[0m
Parsing fasta file /domus/h1/leizhao/Genome_Analysis/results/06_RepeatMasker_DNA_assembly_masking/DNA_assembly_polish_Pilon.fasta.masked...
Fasta file /domus/h1/leizhao/Genome_Analysis/results/06_RepeatMasker_DNA_assembly_masking/DNA_assembly_polish_Pilon.fasta.masked parsing complete.
[1;32mCreating gff file /domus/h1/leizhao/Genome_Analysis/results/12_eggNOGmapper_annotation/functional_annotation.emapper.genepred.gff...[0m
500 244.9293851852417 2.04 q/s (% mem usage: 10.20, % mem avail: 89.83)
1000 266.91176891326904 3.75 q/s (% mem usage: 10.60, % mem avail: 89.39)
1500 274.1009225845337 5.47 q/s (% mem usage: 8.80, % mem avail: 91.21)
2000 280.4537847042084 7.13 q/s (% mem usage: 8.80, % mem avail: 91.19)
2500 287.255601644516 8.70 q/s (% mem usage: 8.80, % mem avail: 91.19)
3000 293.30752658843994 10.23 q/s (% mem usage: 8.80, % mem avail: 91.17)
3500 299.84512543678284 11.67 q/s (% mem usage: 9.20, % mem avail: 90.83)
4000 305.64056634902954 13.09 q/s (% mem usage: 9.90, % mem avail: 90.14)
4500 311.07647585868835 14.47 q/s (% mem usage: 10.10, % mem avail: 89.87)
5000 316.3515508174896 15.81 q/s (% mem usage: 10.90, % mem avail: 89.13)
5500 323.65070033073425 16.99 q/s (% mem usage: 11.10, % mem avail: 88.89)
6000 331.2227404117584 18.11 q/s (% mem usage: 12.50, % mem avail: 87.53)
6500 341.93902468681335 19.01 q/s (% mem usage: 13.00, % mem avail: 87.01)
7000 343.62113332748413 20.37 q/s (% mem usage: 13.00, % mem avail: 86.96)
7500 347.93179965019226 21.56 q/s (% mem usage: 13.20, % mem avail: 86.83)
8000 352.8012902736664 22.68 q/s (% mem usage: 13.30, % mem avail: 86.68)
8500 355.4656386375427 23.91 q/s (% mem usage: 13.80, % mem avail: 86.21)
9000 358.4021542072296 25.11 q/s (% mem usage: 14.90, % mem avail: 85.09)
9500 362.36610865592957 26.22 q/s (% mem usage: 15.40, % mem avail: 84.57)
10000 365.4962627887726 27.36 q/s (% mem usage: 9.30, % mem avail: 90.66)
10500 369.1454277038574 28.44 q/s (% mem usage: 9.40, % mem avail: 90.64)
11000 372.35849380493164 29.54 q/s (% mem usage: 9.30, % mem avail: 90.66)
11500 375.6908712387085 30.61 q/s (% mem usage: 9.30, % mem avail: 90.65)
12000 379.8349461555481 31.59 q/s (% mem usage: 9.40, % mem avail: 90.65)
12500 385.09406757354736 32.46 q/s (% mem usage: 9.40, % mem avail: 90.63)
13000 387.4851460456848 33.55 q/s (% mem usage: 9.40, % mem avail: 90.64)
13038 387.6431965827942 33.63 q/s (% mem usage: 9.30, % mem avail: 90.71)
[32mDone[0m
[1;33mResult files:[0m
   /domus/h1/leizhao/Genome_Analysis/results/12_eggNOGmapper_annotation/functional_annotation.emapper.genepred.fasta
   /domus/h1/leizhao/Genome_Analysis/results/12_eggNOGmapper_annotation/functional_annotation.emapper.genepred.gff
   /domus/h1/leizhao/Genome_Analysis/results/12_eggNOGmapper_annotation/functional_annotation.emapper.hits
   /domus/h1/leizhao/Genome_Analysis/results/12_eggNOGmapper_annotation/functional_annotation.emapper.seed_orthologs
   /domus/h1/leizhao/Genome_Analysis/results/12_eggNOGmapper_annotation/functional_annotation.emapper.annotations

================================================================================
CITATION:
If you use this software, please cite:

[1] eggNOG-mapper v2: functional annotation, orthology assignments, and domain 
      prediction at the metagenomic scale. Carlos P. Cantalapiedra, 
      Ana Hernandez-Plaza, Ivica Letunic, Peer Bork, Jaime Huerta-Cepas. 2021.
      Molecular Biology and Evolution, msab293, https://doi.org/10.1093/molbev/msab293

[2] eggNOG 5.0: a hierarchical, functionally and phylogenetically annotated
      orthology resource based on 5090 organisms and 2502 viruses. Jaime
      Huerta-Cepas, Damian Szklarczyk, Davide Heller, Ana Hernandez-Plaza,
      Sofia K Forslund, Helen Cook, Daniel R Mende, Ivica Letunic, Thomas
      Rattei, Lars J Jensen, Christian von Mering and Peer Bork. Nucleic Acids
      Research, Volume 47, Issue D1, 8 January 2019, Pages D309-D314,
      https://doi.org/10.1093/nar/gky1085 

[3] Sensitive protein alignments at tree-of-life scale using DIAMOND.
       Buchfink B, Reuter K, Drost HG. 2021.
       Nature Methods 18, 366–368 (2021). https://doi.org/10.1038/s41592-021-01101-x

e.g. Functional annotation was performed using eggNOG-mapper (version emapper-2.1.9-12e5f09) [1]
 based on eggNOG orthology data [2]. Sequence searches were performed using [3].

================================================================================

Total hits processed: 13038
Total time: 10302 secs
FINISHED
