eggNOG_data/5.0.0: Data available at $EGGNOG_DATA_ROOT, see 'module help eggNOG_data/5.0.0'
[1;32mFunctional annotation of hits...[0m
0 5.7220458984375e-06 0.00 q/s (% mem usage: 56.40, % mem avail: 43.62)
#  emapper-2.1.9-12e5f09
# emapper.py  -i /proj/genomeanalysis2023/nobackup/work/leizhao/06_RepeatMasker_DNA_assembly_masking/DNA_assembly_polish_Pilon.fasta.masked --itype genome --output functional_annotation --output_dir /proj/genomeanalysis2023/nobackup/work/leizhao/12_eggNOGmapper_annotation --cpu 4
[1;33m  /sw/bioinfo/eggNOG-mapper/2.1.9/snowy/bin/diamond blastx -d /crex/data/eggNOG_data/5.0.0/rackham/eggnog_proteins.dmnd -q /crex/proj/genomeanalysis2023/nobackup/work/leizhao/06_RepeatMasker_DNA_assembly_masking/DNA_assembly_polish_Pilon.fasta.masked --threads 4 -o /crex/proj/genomeanalysis2023/nobackup/work/leizhao/12_eggNOGmapper_annotation/functional_annotation.emapper.hits --tmpdir /domus/h1/leizhao/Genome_Analysis/code/emappertmp_dmdn_p4eq03zi --sensitive --iterate -e 0.001 --max-target-seqs 0 --max-hsps 0  --outfmt 6 qseqid sseqid pident length mismatch gapopen qstart qend sstart send evalue bitscore qcovhsp scovhsp[0m
[1;32mCrafting GFF file of CDS ...[0m
[1;32mCrafting fasta file of CDS ...[0m
Parsing fasta file /crex/proj/genomeanalysis2023/nobackup/work/leizhao/06_RepeatMasker_DNA_assembly_masking/DNA_assembly_polish_Pilon.fasta.masked...
Fasta file /crex/proj/genomeanalysis2023/nobackup/work/leizhao/06_RepeatMasker_DNA_assembly_masking/DNA_assembly_polish_Pilon.fasta.masked parsing complete.
[1;32mCreating gff file /crex/proj/genomeanalysis2023/nobackup/work/leizhao/12_eggNOGmapper_annotation/functional_annotation.emapper.genepred.gff...[0m
500 287.3374271392822 1.74 q/s (% mem usage: 57.20, % mem avail: 42.83)
1000 312.8766429424286 3.20 q/s (% mem usage: 58.10, % mem avail: 41.92)
1500 319.36318802833557 4.70 q/s (% mem usage: 58.20, % mem avail: 41.83)
2000 326.76300716400146 6.12 q/s (% mem usage: 58.20, % mem avail: 41.77)
2500 333.31307792663574 7.50 q/s (% mem usage: 58.20, % mem avail: 41.75)
3000 339.23840856552124 8.84 q/s (% mem usage: 58.30, % mem avail: 41.74)
3500 346.74963331222534 10.09 q/s (% mem usage: 58.30, % mem avail: 41.73)
4000 353.05671882629395 11.33 q/s (% mem usage: 58.30, % mem avail: 41.66)
4500 358.6133289337158 12.55 q/s (% mem usage: 58.40, % mem avail: 41.61)
5000 363.6271114349365 13.75 q/s (% mem usage: 58.40, % mem avail: 41.61)
5500 371.40305042266846 14.81 q/s (% mem usage: 58.40, % mem avail: 41.60)
6000 379.97388887405396 15.79 q/s (% mem usage: 58.40, % mem avail: 41.59)
6500 390.83158588409424 16.63 q/s (% mem usage: 58.60, % mem avail: 41.42)
7000 394.7180697917938 17.73 q/s (% mem usage: 58.60, % mem avail: 41.42)
7500 401.3561589717865 18.69 q/s (% mem usage: 58.60, % mem avail: 41.40)
8000 407.52807092666626 19.63 q/s (% mem usage: 58.60, % mem avail: 41.39)
8500 411.2184114456177 20.67 q/s (% mem usage: 58.60, % mem avail: 41.37)
9000 414.866103887558 21.69 q/s (% mem usage: 58.60, % mem avail: 41.38)
9500 419.39311838150024 22.65 q/s (% mem usage: 58.60, % mem avail: 41.37)
10000 422.68536376953125 23.66 q/s (% mem usage: 58.60, % mem avail: 41.37)
10500 427.2647943496704 24.57 q/s (% mem usage: 58.60, % mem avail: 41.38)
11000 430.97159242630005 25.52 q/s (% mem usage: 58.60, % mem avail: 41.37)
11500 434.90944480895996 26.44 q/s (% mem usage: 58.60, % mem avail: 41.37)
12000 439.25309705734253 27.32 q/s (% mem usage: 58.60, % mem avail: 41.37)
12500 445.3519642353058 28.07 q/s (% mem usage: 58.70, % mem avail: 41.35)
13000 447.97083282470703 29.02 q/s (% mem usage: 58.60, % mem avail: 41.37)
13048 448.11974835395813 29.12 q/s (% mem usage: 58.60, % mem avail: 41.44)
[32mDone[0m
[1;33mResult files:[0m
   /crex/proj/genomeanalysis2023/nobackup/work/leizhao/12_eggNOGmapper_annotation/functional_annotation.emapper.genepred.fasta
   /crex/proj/genomeanalysis2023/nobackup/work/leizhao/12_eggNOGmapper_annotation/functional_annotation.emapper.genepred.gff
   /crex/proj/genomeanalysis2023/nobackup/work/leizhao/12_eggNOGmapper_annotation/functional_annotation.emapper.hits
   /crex/proj/genomeanalysis2023/nobackup/work/leizhao/12_eggNOGmapper_annotation/functional_annotation.emapper.seed_orthologs
   /crex/proj/genomeanalysis2023/nobackup/work/leizhao/12_eggNOGmapper_annotation/functional_annotation.emapper.annotations

================================================================================
CITATION:
If you use this software, please cite:

[1] eggNOG-mapper v2: functional annotation, orthology assignments, and domain 
      prediction at the metagenomic scale. Carlos P. Cantalapiedra, 
      Ana Hernandez-Plaza, Ivica Letunic, Peer Bork, Jaime Huerta-Cepas. 2021.
      Molecular Biology and Evolution, msab293, https://doi.org/10.1093/molbev/msab293

[2] eggNOG 5.0: a hierarchical, functionally and phylogenetically annotated
      orthology resource based on 5090 organisms and 2502 viruses. Jaime
      Huerta-Cepas, Damian Szklarczyk, Davide Heller, Ana Hernandez-Plaza,
      Sofia K Forslund, Helen Cook, Daniel R Mende, Ivica Letunic, Thomas
      Rattei, Lars J Jensen, Christian von Mering and Peer Bork. Nucleic Acids
      Research, Volume 47, Issue D1, 8 January 2019, Pages D309-D314,
      https://doi.org/10.1093/nar/gky1085 

[3] Sensitive protein alignments at tree-of-life scale using DIAMOND.
       Buchfink B, Reuter K, Drost HG. 2021.
       Nature Methods 18, 366–368 (2021). https://doi.org/10.1038/s41592-021-01101-x

e.g. Functional annotation was performed using eggNOG-mapper (version emapper-2.1.9-12e5f09) [1]
 based on eggNOG orthology data [2]. Sequence searches were performed using [3].

================================================================================

Total hits processed: 13048
Total time: 10874 secs
FINISHED
