#!/bin/bash -l
#SBATCH -A uppmax2023-2-8
#SBATCH -M snowy
#SBATCH -p core
#SBATCH -n 8
#SBATCH -t 20:00:00
#SBATCH -J annotation_braker
#SBATCH --mail-type=ALL
#SBATCH --mail-user lei.zhao.1300@student.uu.se


cat $0
echo USER = $USER
echo QOS = $SLURM_JOB_QOS

module load bioinfo-tools
module load braker/2.1.1_Perl5.24.1
module load augustus/3.2.3_Perl5.24.1
module load bamtools/2.5.1
module load blast/2.9.0+
module load GenomeThreader/1.7.0
module load samtools/1.8
module load GeneMark/4.33-es_Perl5.24.1

cp -vf /sw/bioinfo/GeneMark/4.33-es/snowy/gm_key $HOME/.gm_key
source $AUGUSTUS_CONFIG_COPY
chmod a+w -R /home/leizhao/Genome_Analysis/code/11_annotation_BRAKER/augustus_config/species/
bam_path=/home/leizhao/Genome_Analysis/results/10_STAR_RNA_mapping



braker.pl --AUGUSTUS_CONFIG_PATH=/home/leizhao/Genome_Analysis/code/11_annotation_BRAKER/augustus_config --AUGUSTUS_BIN_PATH=/sw/bioinfo/augustus/3.4.0/snowy/bin --AUGUSTUS_SCRIPTS_PATH=/sw/bioinfo/augustus/3.4.0/snowy/scripts --GENEMARK_PATH=/sw/bioinfo/GeneMark/4.33-es/snowy --species=Durio_zibethinus --useexisting --genome=/home/leizhao/Genome_Analysis/results/06_RepeatMasker_DNA_assembly_masking/DNA_assembly_polish_Pilon.fasta.masked  --bam=$bam_path/SRR6040092_06_Aligned.sortedByCoord.out.bam, $bam_path/SRR6040093_06_Aligned.sortedByCoord.out.bam,$bam_path/SRR6040094_06_Aligned.sortedByCoord.out.bam,$bam_path/SRR6040095_06_Aligned.sortedByCoord.out.bam,$bam_path/SRR6040096_06_Aligned.sortedByCoord.out.bam,$bam_path/SRR6040097_06_Aligned.sortedByCoord.out.bam,$bam_path/SRR6156066_06_Aligned.sortedByCoord.out.bam,$bam_path/SRR6156066_06_Aligned.sortedByCoord.out.bam,$bam_path/SRR6156067_06_Aligned.sortedByCoord.out.bam,$bam_path/SRR6156069_06_Aligned.sortedByCoord.out.bam --workingdir=/home/leizhao/Genome_Analysis/results/11_BRAKER_annotation --softmasking --cores=8 --gff3
USER = leizhao
QOS = normal
augustus/3.2.3_Perl5.24.1 : If you see errors about not being able to write to an augustus directory, see 'module help augustus/3.2.3_Perl5.24.1'
blast/2.2.31+ : the old-format NCBI blast databases are no longer updated after September 2019, use blast/2.9.0+ to search the latest NCBI databases
GeneMark/4.33-es_Perl5.24.1 : A recent key file is needed to use this software and it must exist in your home directory. See 'module help GeneMark/4.33-es_Perl5.24.1'
augustus/3.2.3_Perl5.24.1 : If you see errors about not being able to write to an augustus directory, see 'module help augustus/3.2.3_Perl5.24.1'

The following have been reloaded with a version change:
  1) blast/2.2.31+ => blast/2.9.0+

GeneMark/4.33-es_Perl5.24.1 : A recent key file is needed to use this software and it must exist in your home directory. See 'module help GeneMark/4.33-es_Perl5.24.1'
‘/sw/bioinfo/GeneMark/4.33-es/snowy/gm_key’ -> ‘/home/leizhao/.gm_key’
Copying Augustus config directory to current directory...adjusting permissions...updating AUGUSTUS_CONFIG_PATH...done
export AUGUSTUS_CONFIG_PATH=/home/leizhao/Genome_Analysis/code/11_annotation_BRAKER/augustus_config
# Mon May  1 14:40:22 2023: Logfile: /domus/h1/leizhao/Genome_Analysis/results/11_BRAKER_annotation/braker.log!
# Mon May  1 14:54:27 2023 WARNING: Number of good genes is low (252). Recommended are at least 600 genes
