#!/bin/bash -l
#SBATCH -A uppmax2023-2-8
#SBATCH -M snowy
#SBATCH -p core
#SBATCH -n 8
#SBATCH -t 20:00:00
#SBATCH -J annotation_braker
#SBATCH --mail-type=ALL
#SBATCH --mail-user lei.zhao.1300@student.uu.se


cat $0
echo USER = $USER
echo QOS = $SLURM_JOB_QOS

module load bioinfo-tools
module load braker/2.1.1_Perl5.24.1
module load augustus/3.2.3_Perl5.24.1
module load bamtools/2.5.1
module load blast/2.9.0+
module load GenomeThreader/1.7.0
module load samtools/1.8
module load GeneMark/4.33-es_Perl5.24.1

cp -vf /sw/bioinfo/GeneMark/4.33-es/snowy/gm_key $HOME/.gm_key
source $AUGUSTUS_CONFIG_COPY
chmod a+w -R /home/leizhao/Genome_Analysis/code/11_annotation_BRAKER/augustus_config/species/



braker.pl --AUGUSTUS_CONFIG_PATH=/home/leizhao/Genome_Analysis/code/11_annotation_BRAKER/augustus_config --AUGUSTUS_BIN_PATH=/sw/bioinfo/augustus/3.4.0/snowy/bin --AUGUSTUS_SCRIPTS_PATH=/sw/bioinfo/augustus/3.4.0/snowy/scripts --GENEMARK_PATH=/sw/bioinfo/GeneMark/4.33-es/snowy --species=Durio_zibethinus --useexisting --genome=/home/leizhao/Genome_Analysis/results/06_RepeatMasker_DNA_assembly_masking/DNA_assembly_polish_Pilon.fasta.masked --bam=/home/leizhao/Genome_Analysis/results/10_STAR_RNA_mapping/*.sortedByCoord.out.bam --workingdir=/home/leizhao/Genome_Analysis/results/11_BRAKER_annotation --softmasking --cores=8 --gff3


USER = leizhao
QOS = normal
augustus/3.2.3_Perl5.24.1 : If you see errors about not being able to write to an augustus directory, see 'module help augustus/3.2.3_Perl5.24.1'
blast/2.2.31+ : the old-format NCBI blast databases are no longer updated after September 2019, use blast/2.9.0+ to search the latest NCBI databases
GeneMark/4.33-es_Perl5.24.1 : A recent key file is needed to use this software and it must exist in your home directory. See 'module help GeneMark/4.33-es_Perl5.24.1'
augustus/3.2.3_Perl5.24.1 : If you see errors about not being able to write to an augustus directory, see 'module help augustus/3.2.3_Perl5.24.1'

The following have been reloaded with a version change:
  1) blast/2.2.31+ => blast/2.9.0+

GeneMark/4.33-es_Perl5.24.1 : A recent key file is needed to use this software and it must exist in your home directory. See 'module help GeneMark/4.33-es_Perl5.24.1'
‘/sw/bioinfo/GeneMark/4.33-es/snowy/gm_key’ -> ‘/home/leizhao/.gm_key’
Copying Augustus config directory to current directory...adjusting permissions...updating AUGUSTUS_CONFIG_PATH...done
export AUGUSTUS_CONFIG_PATH=/home/leizhao/Genome_Analysis/code/11_annotation_BRAKER/augustus_config
# Mon May  1 14:20:23 2023: braker.pl version 2.1.1

# Mon May  1 14:20:23 2023: Configuring of BRAKER for using external tools...

# Mon May  1 14:20:23 2023: Command line flag --AUGUSTUS_CONFIG_PATH was provided. Setting $AUGUSTUS_CONFIG_PATH in braker.pl to /home/leizhao/Genome_Analysis/code/11_annotation_BRAKER/augustus_config.
# Mon May  1 14:20:23 2023: Setting $AUGUSTUS_BIN_PATH to command line argument --AUGUSTUS_BIN_PATH value /sw/bioinfo/augustus/3.4.0/snowy/bin.
# Mon May  1 14:20:23 2023: Setting $AUGUSTUS_SCRIPTS_PATH to command line argument --AUGUSTUS_SCRIPTS_PATH value /sw/bioinfo/augustus/3.4.0/snowy/scripts.
# Mon May  1 14:20:23 2023: Setting $GENEMARK_PATH to command line argument --GENEMARK_PATH value /sw/bioinfo/GeneMark/4.33-es/snowy.
# Mon May  1 14:20:23 2023: Did not find environment variable $BAMTOOLS_PATH (either variable does not exist, or the path given in variable does not exist). Will try to set this variable in a different way, later.
# Mon May  1 14:20:23 2023: Trying to guess $BAMTOOLS_BIN_PATH from location of bamtools executable that is available in your $PATH.
# Mon May  1 14:20:23 2023: Setting $BAMTOOLS_BIN_PATH to /sw/bioinfo/bamtools/2.5.1/snowy/bin
# Mon May  1 14:20:23 2023: Did not find environment variable $SAMTOOLS_PATH  (either variable does not exist, or the path given in variable doesnot exist). Will try to set this variable in a different way, later.
# Mon May  1 14:20:23 2023: Trying to guess $SAMTOOLS_PATH from location of samtools executable in your $PATH.
# Mon May  1 14:20:23 2023: Setting $SAMTOOLS_PATH to /sw/bioinfo/samtools/1.8/snowy/bin
# Mon May  1 14:20:23 2023: Did not find environment variable $BLAST_PATH
# Mon May  1 14:20:23 2023: Trying to guess $BLAST_PATH from location of blastp executable that is available in your $PATH.
# Mon May  1 14:20:23 2023: Setting $BLAST_PATH to /sw/bioinfo/blast/2.9.0+/snowy/bin
# Mon May  1 14:20:23 2023: Configuration of BRAKER for using external tools is complete!

# Mon May  1 14:20:23 2023: ERROR: in file /sw/bioinfo/braker/2.1.1/snowy/braker.pl at line 3055
BAM file /home/leizhao/Genome_Analysis/results/10_STAR_RNA_mapping/*.sortedByCoord.out.bam does not exist.
